[0.710s] DEBUG:colcon:Command line arguments: ['/usr/bin/colcon', 'build']
[0.711s] DEBUG:colcon:Parsed command line arguments: Namespace(log_base=None, log_level=None, verb_name='build', build_base='build', install_base='install', merge_install=False, symlink_install=False, test_result_base=None, continue_on_error=False, executor='parallel', parallel_workers=4, event_handlers=None, ignore_user_meta=False, metas=['./colcon.meta'], base_paths=['.'], packages_ignore=None, packages_ignore_regex=None, paths=None, packages_up_to=None, packages_up_to_regex=None, packages_above=None, packages_above_and_dependencies=None, packages_above_depth=None, packages_select_by_dep=None, packages_skip_by_dep=None, packages_skip_up_to=None, packages_select_build_failed=False, packages_skip_build_finished=False, packages_select_test_failures=False, packages_skip_test_passed=False, packages_select=None, packages_skip=None, packages_select_regex=None, packages_skip_regex=None, packages_start=None, packages_end=None, allow_overriding=[], cmake_args=None, cmake_target=None, cmake_target_skip_unavailable=False, cmake_clean_cache=False, cmake_clean_first=False, cmake_force_configure=False, ament_cmake_args=None, catkin_cmake_args=None, catkin_skip_building_tests=False, mixin_files=None, mixin=None, verb_parser=<colcon_mixin.mixin.mixin_argument.MixinArgumentDecorator object at 0xffffb1731810>, verb_extension=<colcon_core.verb.build.BuildVerb object at 0xffffb18da7a0>, main=<bound method BuildVerb.main of <colcon_core.verb.build.BuildVerb object at 0xffffb18da7a0>>, mixin_verb=('build',))
[1.974s] Level 1:colcon.colcon_core.package_discovery:discover_packages(colcon_meta) check parameters
[1.975s] Level 1:colcon.colcon_core.package_discovery:discover_packages(recursive) check parameters
[1.975s] Level 1:colcon.colcon_core.package_discovery:discover_packages(ignore) check parameters
[1.975s] Level 1:colcon.colcon_core.package_discovery:discover_packages(path) check parameters
[1.976s] Level 1:colcon.colcon_core.package_discovery:discover_packages(colcon_meta) discover
[1.976s] Level 1:colcon.colcon_core.package_discovery:discover_packages(recursive) discover
[1.976s] INFO:colcon.colcon_core.package_discovery:Crawling recursively for packages in '/home/krristudent/boson_flir_ws'
[1.977s] Level 1:colcon.colcon_core.package_identification:_identify(.) by extensions ['ignore', 'ignore_ament_install']
[1.978s] Level 1:colcon.colcon_core.package_identification:_identify(.) by extension 'ignore'
[1.978s] Level 1:colcon.colcon_core.package_identification:_identify(.) by extension 'ignore_ament_install'
[1.979s] Level 1:colcon.colcon_core.package_identification:_identify(.) by extensions ['colcon_pkg']
[1.979s] Level 1:colcon.colcon_core.package_identification:_identify(.) by extension 'colcon_pkg'
[1.979s] Level 1:colcon.colcon_core.package_identification:_identify(.) by extensions ['colcon_meta']
[1.980s] Level 1:colcon.colcon_core.package_identification:_identify(.) by extension 'colcon_meta'
[1.980s] Level 1:colcon.colcon_core.package_identification:_identify(.) by extensions ['ros']
[1.980s] Level 1:colcon.colcon_core.package_identification:_identify(.) by extension 'ros'
[2.042s] Level 1:colcon.colcon_core.package_identification:_identify(.) by extensions ['cmake', 'python']
[2.044s] Level 1:colcon.colcon_core.package_identification:_identify(.) by extension 'cmake'
[2.044s] Level 1:colcon.colcon_core.package_identification:_identify(.) by extension 'python'
[2.045s] Level 1:colcon.colcon_core.package_identification:_identify(.) by extensions ['python_setup_py']
[2.045s] Level 1:colcon.colcon_core.package_identification:_identify(.) by extension 'python_setup_py'
[2.046s] Level 1:colcon.colcon_core.package_identification:_identify(build) by extensions ['ignore', 'ignore_ament_install']
[2.047s] Level 1:colcon.colcon_core.package_identification:_identify(build) by extension 'ignore'
[2.047s] Level 1:colcon.colcon_core.package_identification:_identify(build) ignored
[2.049s] Level 1:colcon.colcon_core.package_identification:_identify(install) by extensions ['ignore', 'ignore_ament_install']
[2.049s] Level 1:colcon.colcon_core.package_identification:_identify(install) by extension 'ignore'
[2.050s] Level 1:colcon.colcon_core.package_identification:_identify(install) ignored
[2.051s] Level 1:colcon.colcon_core.package_identification:_identify(log) by extensions ['ignore', 'ignore_ament_install']
[2.051s] Level 1:colcon.colcon_core.package_identification:_identify(log) by extension 'ignore'
[2.052s] Level 1:colcon.colcon_core.package_identification:_identify(log) ignored
[2.052s] Level 1:colcon.colcon_core.package_identification:_identify(src) by extensions ['ignore', 'ignore_ament_install']
[2.054s] Level 1:colcon.colcon_core.package_identification:_identify(src) by extension 'ignore'
[2.054s] Level 1:colcon.colcon_core.package_identification:_identify(src) by extension 'ignore_ament_install'
[2.055s] Level 1:colcon.colcon_core.package_identification:_identify(src) by extensions ['colcon_pkg']
[2.055s] Level 1:colcon.colcon_core.package_identification:_identify(src) by extension 'colcon_pkg'
[2.056s] Level 1:colcon.colcon_core.package_identification:_identify(src) by extensions ['colcon_meta']
[2.056s] Level 1:colcon.colcon_core.package_identification:_identify(src) by extension 'colcon_meta'
[2.057s] Level 1:colcon.colcon_core.package_identification:_identify(src) by extensions ['ros']
[2.057s] Level 1:colcon.colcon_core.package_identification:_identify(src) by extension 'ros'
[2.058s] Level 1:colcon.colcon_core.package_identification:_identify(src) by extensions ['cmake', 'python']
[2.059s] Level 1:colcon.colcon_core.package_identification:_identify(src) by extension 'cmake'
[2.059s] Level 1:colcon.colcon_core.package_identification:_identify(src) by extension 'python'
[2.059s] Level 1:colcon.colcon_core.package_identification:_identify(src) by extensions ['python_setup_py']
[2.060s] Level 1:colcon.colcon_core.package_identification:_identify(src) by extension 'python_setup_py'
[2.060s] Level 1:colcon.colcon_core.package_identification:_identify(src/boson_thermal_publisher) by extensions ['ignore', 'ignore_ament_install']
[2.061s] Level 1:colcon.colcon_core.package_identification:_identify(src/boson_thermal_publisher) by extension 'ignore'
[2.062s] Level 1:colcon.colcon_core.package_identification:_identify(src/boson_thermal_publisher) by extension 'ignore_ament_install'
[2.062s] Level 1:colcon.colcon_core.package_identification:_identify(src/boson_thermal_publisher) by extensions ['colcon_pkg']
[2.062s] Level 1:colcon.colcon_core.package_identification:_identify(src/boson_thermal_publisher) by extension 'colcon_pkg'
[2.063s] Level 1:colcon.colcon_core.package_identification:_identify(src/boson_thermal_publisher) by extensions ['colcon_meta']
[2.063s] Level 1:colcon.colcon_core.package_identification:_identify(src/boson_thermal_publisher) by extension 'colcon_meta'
[2.063s] Level 1:colcon.colcon_core.package_identification:_identify(src/boson_thermal_publisher) by extensions ['ros']
[2.064s] Level 1:colcon.colcon_core.package_identification:_identify(src/boson_thermal_publisher) by extension 'ros'
[2.077s] DEBUG:colcon.colcon_core.package_identification:Package 'src/boson_thermal_publisher' with type 'ros.ament_python' and name 'boson_thermal_publisher'
[2.077s] Level 1:colcon.colcon_core.package_discovery:discover_packages(recursive) using defaults
[2.077s] Level 1:colcon.colcon_core.package_discovery:discover_packages(ignore) discover
[2.078s] Level 1:colcon.colcon_core.package_discovery:discover_packages(ignore) using defaults
[2.078s] Level 1:colcon.colcon_core.package_discovery:discover_packages(path) discover
[2.078s] Level 1:colcon.colcon_core.package_discovery:discover_packages(path) using defaults
[2.232s] Level 1:colcon.colcon_core.package_discovery:discover_packages(prefix_path) check parameters
[2.232s] Level 1:colcon.colcon_core.package_discovery:discover_packages(prefix_path) discover
[2.245s] DEBUG:colcon.colcon_installed_package_information.package_discovery:Found 1 installed packages in /home/krristudent/boson_flir_ws/install
[2.256s] DEBUG:colcon.colcon_installed_package_information.package_discovery:Found 271 installed packages in /opt/ros/humble
[2.264s] Level 1:colcon.colcon_core.package_discovery:discover_packages(prefix_path) using defaults
[2.526s] Level 5:colcon.colcon_core.verb:set package 'boson_thermal_publisher' build argument 'cmake_args' from command line to 'None'
[2.526s] Level 5:colcon.colcon_core.verb:set package 'boson_thermal_publisher' build argument 'cmake_target' from command line to 'None'
[2.527s] Level 5:colcon.colcon_core.verb:set package 'boson_thermal_publisher' build argument 'cmake_target_skip_unavailable' from command line to 'False'
[2.527s] Level 5:colcon.colcon_core.verb:set package 'boson_thermal_publisher' build argument 'cmake_clean_cache' from command line to 'False'
[2.527s] Level 5:colcon.colcon_core.verb:set package 'boson_thermal_publisher' build argument 'cmake_clean_first' from command line to 'False'
[2.527s] Level 5:colcon.colcon_core.verb:set package 'boson_thermal_publisher' build argument 'cmake_force_configure' from command line to 'False'
[2.527s] Level 5:colcon.colcon_core.verb:set package 'boson_thermal_publisher' build argument 'ament_cmake_args' from command line to 'None'
[2.528s] Level 5:colcon.colcon_core.verb:set package 'boson_thermal_publisher' build argument 'catkin_cmake_args' from command line to 'None'
[2.528s] Level 5:colcon.colcon_core.verb:set package 'boson_thermal_publisher' build argument 'catkin_skip_building_tests' from command line to 'False'
[2.528s] DEBUG:colcon.colcon_core.verb:Building package 'boson_thermal_publisher' with the following arguments: {'ament_cmake_args': None, 'build_base': '/home/krristudent/boson_flir_ws/build/boson_thermal_publisher', 'catkin_cmake_args': None, 'catkin_skip_building_tests': False, 'cmake_args': None, 'cmake_clean_cache': False, 'cmake_clean_first': False, 'cmake_force_configure': False, 'cmake_target': None, 'cmake_target_skip_unavailable': False, 'install_base': '/home/krristudent/boson_flir_ws/install/boson_thermal_publisher', 'merge_install': False, 'path': '/home/krristudent/boson_flir_ws/src/boson_thermal_publisher', 'symlink_install': False, 'test_result_base': None}
[2.529s] INFO:colcon.colcon_core.executor:Executing jobs using 'parallel' executor
[2.533s] DEBUG:colcon.colcon_parallel_executor.executor.parallel:run_until_complete
[2.535s] INFO:colcon.colcon_ros.task.ament_python.build:Building ROS package in '/home/krristudent/boson_flir_ws/src/boson_thermal_publisher' with build type 'ament_python'
[2.536s] Level 1:colcon.colcon_core.shell:create_environment_hook('boson_thermal_publisher', 'ament_prefix_path')
[2.549s] INFO:colcon.colcon_core.plugin_system:Skipping extension 'colcon_core.shell.bat': Not used on non-Windows systems
[2.551s] INFO:colcon.colcon_core.shell:Creating environment hook '/home/krristudent/boson_flir_ws/install/boson_thermal_publisher/share/boson_thermal_publisher/hook/ament_prefix_path.ps1'
[2.555s] INFO:colcon.colcon_core.shell:Creating environment descriptor '/home/krristudent/boson_flir_ws/install/boson_thermal_publisher/share/boson_thermal_publisher/hook/ament_prefix_path.dsv'
[2.558s] INFO:colcon.colcon_core.shell:Creating environment hook '/home/krristudent/boson_flir_ws/install/boson_thermal_publisher/share/boson_thermal_publisher/hook/ament_prefix_path.sh'
[2.565s] INFO:colcon.colcon_core.shell:Skip shell extension 'powershell' for command environment: Not usable outside of PowerShell
[2.567s] DEBUG:colcon.colcon_core.shell:Skip shell extension 'dsv' for command environment
[4.429s] INFO:colcon.colcon_core.task.python.build:Building Python package in '/home/krristudent/boson_flir_ws/src/boson_thermal_publisher'
[4.431s] INFO:colcon.colcon_core.shell:Skip shell extension 'powershell' for command environment: Not usable outside of PowerShell
[4.431s] DEBUG:colcon.colcon_core.shell:Skip shell extension 'dsv' for command environment
[6.698s] DEBUG:colcon.colcon_core.event_handler.log_command:Invoking command in '/home/krristudent/boson_flir_ws/src/boson_thermal_publisher': PYTHONPATH=/home/krristudent/boson_flir_ws/build/boson_thermal_publisher/prefix_override:/usr/lib/python3/dist-packages/colcon_core/task/python/colcon_distutils_commands:/home/krristudent/boson_flir_ws/install/boson_thermal_publisher/lib/python3.10/site-packages:${PYTHONPATH} /usr/bin/python3 -W ignore:setup.py install is deprecated -W ignore:easy_install command is deprecated setup.py egg_info --egg-base ../../build/boson_thermal_publisher build --build-base /home/krristudent/boson_flir_ws/build/boson_thermal_publisher/build install --record /home/krristudent/boson_flir_ws/build/boson_thermal_publisher/install.log --single-version-externally-managed install_data
[8.851s] DEBUG:colcon.colcon_core.event_handler.log_command:Invoked command in '/home/krristudent/boson_flir_ws/src/boson_thermal_publisher' returned '0': PYTHONPATH=/home/krristudent/boson_flir_ws/build/boson_thermal_publisher/prefix_override:/usr/lib/python3/dist-packages/colcon_core/task/python/colcon_distutils_commands:/home/krristudent/boson_flir_ws/install/boson_thermal_publisher/lib/python3.10/site-packages:${PYTHONPATH} /usr/bin/python3 -W ignore:setup.py install is deprecated -W ignore:easy_install command is deprecated setup.py egg_info --egg-base ../../build/boson_thermal_publisher build --build-base /home/krristudent/boson_flir_ws/build/boson_thermal_publisher/build install --record /home/krristudent/boson_flir_ws/build/boson_thermal_publisher/install.log --single-version-externally-managed install_data
[8.866s] Level 1:colcon.colcon_core.environment:checking '/home/krristudent/boson_flir_ws/install/boson_thermal_publisher' for CMake module files
[8.869s] Level 1:colcon.colcon_core.environment:checking '/home/krristudent/boson_flir_ws/install/boson_thermal_publisher' for CMake config files
[8.875s] Level 1:colcon.colcon_core.environment:checking '/home/krristudent/boson_flir_ws/install/boson_thermal_publisher/lib'
[8.876s] Level 1:colcon.colcon_core.environment:checking '/home/krristudent/boson_flir_ws/install/boson_thermal_publisher/bin'
[8.877s] Level 1:colcon.colcon_core.environment:checking '/home/krristudent/boson_flir_ws/install/boson_thermal_publisher/lib/pkgconfig/boson_thermal_publisher.pc'
[8.878s] Level 1:colcon.colcon_core.environment:checking '/home/krristudent/boson_flir_ws/install/boson_thermal_publisher/lib/python3.10/site-packages'
[8.878s] Level 1:colcon.colcon_core.shell:create_environment_hook('boson_thermal_publisher', 'pythonpath')
[8.880s] INFO:colcon.colcon_core.shell:Creating environment hook '/home/krristudent/boson_flir_ws/install/boson_thermal_publisher/share/boson_thermal_publisher/hook/pythonpath.ps1'
[8.883s] INFO:colcon.colcon_core.shell:Creating environment descriptor '/home/krristudent/boson_flir_ws/install/boson_thermal_publisher/share/boson_thermal_publisher/hook/pythonpath.dsv'
[8.886s] INFO:colcon.colcon_core.shell:Creating environment hook '/home/krristudent/boson_flir_ws/install/boson_thermal_publisher/share/boson_thermal_publisher/hook/pythonpath.sh'
[8.889s] Level 1:colcon.colcon_core.environment:checking '/home/krristudent/boson_flir_ws/install/boson_thermal_publisher/bin'
[8.890s] Level 1:colcon.colcon_core.environment:create_environment_scripts_only(boson_thermal_publisher)
[8.892s] INFO:colcon.colcon_core.shell:Creating package script '/home/krristudent/boson_flir_ws/install/boson_thermal_publisher/share/boson_thermal_publisher/package.ps1'
[8.900s] INFO:colcon.colcon_core.shell:Creating package descriptor '/home/krristudent/boson_flir_ws/install/boson_thermal_publisher/share/boson_thermal_publisher/package.dsv'
[8.903s] INFO:colcon.colcon_core.shell:Creating package script '/home/krristudent/boson_flir_ws/install/boson_thermal_publisher/share/boson_thermal_publisher/package.sh'
[8.909s] INFO:colcon.colcon_core.shell:Creating package script '/home/krristudent/boson_flir_ws/install/boson_thermal_publisher/share/boson_thermal_publisher/package.bash'
[8.914s] INFO:colcon.colcon_core.shell:Creating package script '/home/krristudent/boson_flir_ws/install/boson_thermal_publisher/share/boson_thermal_publisher/package.zsh'
[8.919s] Level 1:colcon.colcon_core.environment:create_file_with_runtime_dependencies(/home/krristudent/boson_flir_ws/install/boson_thermal_publisher/share/colcon-core/packages/boson_thermal_publisher)
[8.926s] DEBUG:colcon.colcon_parallel_executor.executor.parallel:closing loop
[8.927s] DEBUG:colcon.colcon_parallel_executor.executor.parallel:loop closed
[8.927s] DEBUG:colcon.colcon_parallel_executor.executor.parallel:run_until_complete finished with '0'
[8.929s] DEBUG:colcon.colcon_core.event_reactor:joining thread
[8.958s] INFO:colcon.colcon_core.plugin_system:Skipping extension 'colcon_notification.desktop_notification.terminal_notifier': Not used on non-Darwin systems
[8.959s] INFO:colcon.colcon_core.plugin_system:Skipping extension 'colcon_notification.desktop_notification.win32': Not used on non-Windows systems
[8.960s] INFO:colcon.colcon_notification.desktop_notification:Sending desktop notification using 'notify2'
[9.038s] DEBUG:colcon.colcon_core.event_reactor:joined thread
[9.040s] INFO:colcon.colcon_core.shell:Creating prefix script '/home/krristudent/boson_flir_ws/install/local_setup.ps1'
[9.049s] INFO:colcon.colcon_core.shell:Creating prefix util module '/home/krristudent/boson_flir_ws/install/_local_setup_util_ps1.py'
[9.061s] INFO:colcon.colcon_core.shell:Creating prefix chain script '/home/krristudent/boson_flir_ws/install/setup.ps1'
[9.071s] INFO:colcon.colcon_core.shell:Creating prefix script '/home/krristudent/boson_flir_ws/install/local_setup.sh'
[9.077s] INFO:colcon.colcon_core.shell:Creating prefix util module '/home/krristudent/boson_flir_ws/install/_local_setup_util_sh.py'
[9.083s] INFO:colcon.colcon_core.shell:Creating prefix chain script '/home/krristudent/boson_flir_ws/install/setup.sh'
[9.094s] INFO:colcon.colcon_core.shell:Creating prefix script '/home/krristudent/boson_flir_ws/install/local_setup.bash'
[9.101s] INFO:colcon.colcon_core.shell:Creating prefix chain script '/home/krristudent/boson_flir_ws/install/setup.bash'
[9.110s] INFO:colcon.colcon_core.shell:Creating prefix script '/home/krristudent/boson_flir_ws/install/local_setup.zsh'
[9.116s] INFO:colcon.colcon_core.shell:Creating prefix chain script '/home/krristudent/boson_flir_ws/install/setup.zsh'
