[1.138s] DEBUG:colcon:Command line arguments: ['/usr/bin/colcon', 'build']
[1.139s] DEBUG:colcon:Parsed command line arguments: Namespace(log_base=None, log_level=None, verb_name='build', build_base='build', install_base='install', merge_install=False, symlink_install=False, test_result_base=None, continue_on_error=False, executor='parallel', parallel_workers=4, event_handlers=None, ignore_user_meta=False, metas=['./colcon.meta'], base_paths=['.'], packages_ignore=None, packages_ignore_regex=None, paths=None, packages_up_to=None, packages_up_to_regex=None, packages_above=None, packages_above_and_dependencies=None, packages_above_depth=None, packages_select_by_dep=None, packages_skip_by_dep=None, packages_skip_up_to=None, packages_select_build_failed=False, packages_skip_build_finished=False, packages_select_test_failures=False, packages_skip_test_passed=False, packages_select=None, packages_skip=None, packages_select_regex=None, packages_skip_regex=None, packages_start=None, packages_end=None, allow_overriding=[], cmake_args=None, cmake_target=None, cmake_target_skip_unavailable=False, cmake_clean_cache=False, cmake_clean_first=False, cmake_force_configure=False, ament_cmake_args=None, catkin_cmake_args=None, catkin_skip_building_tests=False, mixin_files=None, mixin=None, verb_parser=<colcon_mixin.mixin.mixin_argument.MixinArgumentDecorator object at 0xffffa2e413f0>, verb_extension=<colcon_core.verb.build.BuildVerb object at 0xffffa2fea380>, main=<bound method BuildVerb.main of <colcon_core.verb.build.BuildVerb object at 0xffffa2fea380>>, mixin_verb=('build',))
[2.998s] Level 1:colcon.colcon_core.package_discovery:discover_packages(colcon_meta) check parameters
[2.999s] Level 1:colcon.colcon_core.package_discovery:discover_packages(recursive) check parameters
[2.999s] Level 1:colcon.colcon_core.package_discovery:discover_packages(ignore) check parameters
[2.999s] Level 1:colcon.colcon_core.package_discovery:discover_packages(path) check parameters
[2.999s] Level 1:colcon.colcon_core.package_discovery:discover_packages(colcon_meta) discover
[2.999s] Level 1:colcon.colcon_core.package_discovery:discover_packages(recursive) discover
[3.000s] INFO:colcon.colcon_core.package_discovery:Crawling recursively for packages in '/home/krristudent/boson_flir_ws'
[3.000s] Level 1:colcon.colcon_core.package_identification:_identify(.) by extensions ['ignore', 'ignore_ament_install']
[3.001s] Level 1:colcon.colcon_core.package_identification:_identify(.) by extension 'ignore'
[3.001s] Level 1:colcon.colcon_core.package_identification:_identify(.) by extension 'ignore_ament_install'
[3.001s] Level 1:colcon.colcon_core.package_identification:_identify(.) by extensions ['colcon_pkg']
[3.001s] Level 1:colcon.colcon_core.package_identification:_identify(.) by extension 'colcon_pkg'
[3.002s] Level 1:colcon.colcon_core.package_identification:_identify(.) by extensions ['colcon_meta']
[3.002s] Level 1:colcon.colcon_core.package_identification:_identify(.) by extension 'colcon_meta'
[3.002s] Level 1:colcon.colcon_core.package_identification:_identify(.) by extensions ['ros']
[3.002s] Level 1:colcon.colcon_core.package_identification:_identify(.) by extension 'ros'
[3.080s] Level 1:colcon.colcon_core.package_identification:_identify(.) by extensions ['cmake', 'python']
[3.080s] Level 1:colcon.colcon_core.package_identification:_identify(.) by extension 'cmake'
[3.080s] Level 1:colcon.colcon_core.package_identification:_identify(.) by extension 'python'
[3.081s] Level 1:colcon.colcon_core.package_identification:_identify(.) by extensions ['python_setup_py']
[3.081s] Level 1:colcon.colcon_core.package_identification:_identify(.) by extension 'python_setup_py'
[3.082s] Level 1:colcon.colcon_core.package_identification:_identify(build) by extensions ['ignore', 'ignore_ament_install']
[3.082s] Level 1:colcon.colcon_core.package_identification:_identify(build) by extension 'ignore'
[3.082s] Level 1:colcon.colcon_core.package_identification:_identify(build) ignored
[3.083s] Level 1:colcon.colcon_core.package_identification:_identify(install) by extensions ['ignore', 'ignore_ament_install']
[3.084s] Level 1:colcon.colcon_core.package_identification:_identify(install) by extension 'ignore'
[3.084s] Level 1:colcon.colcon_core.package_identification:_identify(install) ignored
[3.084s] Level 1:colcon.colcon_core.package_identification:_identify(log) by extensions ['ignore', 'ignore_ament_install']
[3.085s] Level 1:colcon.colcon_core.package_identification:_identify(log) by extension 'ignore'
[3.085s] Level 1:colcon.colcon_core.package_identification:_identify(log) ignored
[3.085s] Level 1:colcon.colcon_core.package_identification:_identify(src) by extensions ['ignore', 'ignore_ament_install']
[3.086s] Level 1:colcon.colcon_core.package_identification:_identify(src) by extension 'ignore'
[3.086s] Level 1:colcon.colcon_core.package_identification:_identify(src) by extension 'ignore_ament_install'
[3.086s] Level 1:colcon.colcon_core.package_identification:_identify(src) by extensions ['colcon_pkg']
[3.086s] Level 1:colcon.colcon_core.package_identification:_identify(src) by extension 'colcon_pkg'
[3.087s] Level 1:colcon.colcon_core.package_identification:_identify(src) by extensions ['colcon_meta']
[3.087s] Level 1:colcon.colcon_core.package_identification:_identify(src) by extension 'colcon_meta'
[3.087s] Level 1:colcon.colcon_core.package_identification:_identify(src) by extensions ['ros']
[3.087s] Level 1:colcon.colcon_core.package_identification:_identify(src) by extension 'ros'
[3.088s] Level 1:colcon.colcon_core.package_identification:_identify(src) by extensions ['cmake', 'python']
[3.088s] Level 1:colcon.colcon_core.package_identification:_identify(src) by extension 'cmake'
[3.088s] Level 1:colcon.colcon_core.package_identification:_identify(src) by extension 'python'
[3.088s] Level 1:colcon.colcon_core.package_identification:_identify(src) by extensions ['python_setup_py']
[3.088s] Level 1:colcon.colcon_core.package_identification:_identify(src) by extension 'python_setup_py'
[3.089s] Level 1:colcon.colcon_core.package_identification:_identify(src/boson_thermal_publisher) by extensions ['ignore', 'ignore_ament_install']
[3.089s] Level 1:colcon.colcon_core.package_identification:_identify(src/boson_thermal_publisher) by extension 'ignore'
[3.089s] Level 1:colcon.colcon_core.package_identification:_identify(src/boson_thermal_publisher) by extension 'ignore_ament_install'
[3.090s] Level 1:colcon.colcon_core.package_identification:_identify(src/boson_thermal_publisher) by extensions ['colcon_pkg']
[3.090s] Level 1:colcon.colcon_core.package_identification:_identify(src/boson_thermal_publisher) by extension 'colcon_pkg'
[3.090s] Level 1:colcon.colcon_core.package_identification:_identify(src/boson_thermal_publisher) by extensions ['colcon_meta']
[3.090s] Level 1:colcon.colcon_core.package_identification:_identify(src/boson_thermal_publisher) by extension 'colcon_meta'
[3.091s] Level 1:colcon.colcon_core.package_identification:_identify(src/boson_thermal_publisher) by extensions ['ros']
[3.091s] Level 1:colcon.colcon_core.package_identification:_identify(src/boson_thermal_publisher) by extension 'ros'
[3.108s] DEBUG:colcon.colcon_core.package_identification:Package 'src/boson_thermal_publisher' with type 'ros.ament_python' and name 'boson_thermal_publisher'
[3.109s] Level 1:colcon.colcon_core.package_discovery:discover_packages(recursive) using defaults
[3.109s] Level 1:colcon.colcon_core.package_discovery:discover_packages(ignore) discover
[3.109s] Level 1:colcon.colcon_core.package_discovery:discover_packages(ignore) using defaults
[3.109s] Level 1:colcon.colcon_core.package_discovery:discover_packages(path) discover
[3.109s] Level 1:colcon.colcon_core.package_discovery:discover_packages(path) using defaults
[3.417s] Level 1:colcon.colcon_core.package_discovery:discover_packages(prefix_path) check parameters
[3.417s] Level 1:colcon.colcon_core.package_discovery:discover_packages(prefix_path) discover
[3.443s] DEBUG:colcon.colcon_installed_package_information.package_discovery:Found 271 installed packages in /opt/ros/humble
[3.451s] Level 1:colcon.colcon_core.package_discovery:discover_packages(prefix_path) using defaults
[3.839s] Level 5:colcon.colcon_core.verb:set package 'boson_thermal_publisher' build argument 'cmake_args' from command line to 'None'
[3.839s] Level 5:colcon.colcon_core.verb:set package 'boson_thermal_publisher' build argument 'cmake_target' from command line to 'None'
[3.839s] Level 5:colcon.colcon_core.verb:set package 'boson_thermal_publisher' build argument 'cmake_target_skip_unavailable' from command line to 'False'
[3.839s] Level 5:colcon.colcon_core.verb:set package 'boson_thermal_publisher' build argument 'cmake_clean_cache' from command line to 'False'
[3.839s] Level 5:colcon.colcon_core.verb:set package 'boson_thermal_publisher' build argument 'cmake_clean_first' from command line to 'False'
[3.839s] Level 5:colcon.colcon_core.verb:set package 'boson_thermal_publisher' build argument 'cmake_force_configure' from command line to 'False'
[3.839s] Level 5:colcon.colcon_core.verb:set package 'boson_thermal_publisher' build argument 'ament_cmake_args' from command line to 'None'
[3.840s] Level 5:colcon.colcon_core.verb:set package 'boson_thermal_publisher' build argument 'catkin_cmake_args' from command line to 'None'
[3.840s] Level 5:colcon.colcon_core.verb:set package 'boson_thermal_publisher' build argument 'catkin_skip_building_tests' from command line to 'False'
[3.840s] DEBUG:colcon.colcon_core.verb:Building package 'boson_thermal_publisher' with the following arguments: {'ament_cmake_args': None, 'build_base': '/home/krristudent/boson_flir_ws/build/boson_thermal_publisher', 'catkin_cmake_args': None, 'catkin_skip_building_tests': False, 'cmake_args': None, 'cmake_clean_cache': False, 'cmake_clean_first': False, 'cmake_force_configure': False, 'cmake_target': None, 'cmake_target_skip_unavailable': False, 'install_base': '/home/krristudent/boson_flir_ws/install/boson_thermal_publisher', 'merge_install': False, 'path': '/home/krristudent/boson_flir_ws/src/boson_thermal_publisher', 'symlink_install': False, 'test_result_base': None}
[3.841s] INFO:colcon.colcon_core.executor:Executing jobs using 'parallel' executor
[3.844s] DEBUG:colcon.colcon_parallel_executor.executor.parallel:run_until_complete
[3.845s] INFO:colcon.colcon_ros.task.ament_python.build:Building ROS package in '/home/krristudent/boson_flir_ws/src/boson_thermal_publisher' with build type 'ament_python'
[3.846s] Level 1:colcon.colcon_core.shell:create_environment_hook('boson_thermal_publisher', 'ament_prefix_path')
[3.879s] INFO:colcon.colcon_core.plugin_system:Skipping extension 'colcon_core.shell.bat': Not used on non-Windows systems
[3.881s] INFO:colcon.colcon_core.shell:Creating environment hook '/home/krristudent/boson_flir_ws/install/boson_thermal_publisher/share/boson_thermal_publisher/hook/ament_prefix_path.ps1'
[3.904s] INFO:colcon.colcon_core.shell:Creating environment descriptor '/home/krristudent/boson_flir_ws/install/boson_thermal_publisher/share/boson_thermal_publisher/hook/ament_prefix_path.dsv'
[3.915s] INFO:colcon.colcon_core.shell:Creating environment hook '/home/krristudent/boson_flir_ws/install/boson_thermal_publisher/share/boson_thermal_publisher/hook/ament_prefix_path.sh'
[3.931s] INFO:colcon.colcon_core.shell:Skip shell extension 'powershell' for command environment: Not usable outside of PowerShell
[3.931s] DEBUG:colcon.colcon_core.shell:Skip shell extension 'dsv' for command environment
[5.878s] INFO:colcon.colcon_core.task.python.build:Building Python package in '/home/krristudent/boson_flir_ws/src/boson_thermal_publisher'
[5.880s] INFO:colcon.colcon_core.shell:Skip shell extension 'powershell' for command environment: Not usable outside of PowerShell
[5.880s] DEBUG:colcon.colcon_core.shell:Skip shell extension 'dsv' for command environment
[8.634s] DEBUG:colcon.colcon_core.event_handler.log_command:Invoking command in '/home/krristudent/boson_flir_ws/src/boson_thermal_publisher': PYTHONPATH=/home/krristudent/boson_flir_ws/build/boson_thermal_publisher/prefix_override:/usr/lib/python3/dist-packages/colcon_core/task/python/colcon_distutils_commands:/home/krristudent/boson_flir_ws/install/boson_thermal_publisher/lib/python3.10/site-packages:${PYTHONPATH} /usr/bin/python3 -W ignore:setup.py install is deprecated -W ignore:easy_install command is deprecated setup.py egg_info --egg-base ../../build/boson_thermal_publisher build --build-base /home/krristudent/boson_flir_ws/build/boson_thermal_publisher/build install --record /home/krristudent/boson_flir_ws/build/boson_thermal_publisher/install.log --single-version-externally-managed install_data
[10.888s] DEBUG:colcon.colcon_core.event_handler.log_command:Invoked command in '/home/krristudent/boson_flir_ws/src/boson_thermal_publisher' returned '0': PYTHONPATH=/home/krristudent/boson_flir_ws/build/boson_thermal_publisher/prefix_override:/usr/lib/python3/dist-packages/colcon_core/task/python/colcon_distutils_commands:/home/krristudent/boson_flir_ws/install/boson_thermal_publisher/lib/python3.10/site-packages:${PYTHONPATH} /usr/bin/python3 -W ignore:setup.py install is deprecated -W ignore:easy_install command is deprecated setup.py egg_info --egg-base ../../build/boson_thermal_publisher build --build-base /home/krristudent/boson_flir_ws/build/boson_thermal_publisher/build install --record /home/krristudent/boson_flir_ws/build/boson_thermal_publisher/install.log --single-version-externally-managed install_data
[10.924s] Level 1:colcon.colcon_core.environment:checking '/home/krristudent/boson_flir_ws/install/boson_thermal_publisher' for CMake module files
[10.927s] Level 1:colcon.colcon_core.environment:checking '/home/krristudent/boson_flir_ws/install/boson_thermal_publisher' for CMake config files
[10.933s] Level 1:colcon.colcon_core.environment:checking '/home/krristudent/boson_flir_ws/install/boson_thermal_publisher/lib'
[10.934s] Level 1:colcon.colcon_core.environment:checking '/home/krristudent/boson_flir_ws/install/boson_thermal_publisher/bin'
[10.934s] Level 1:colcon.colcon_core.environment:checking '/home/krristudent/boson_flir_ws/install/boson_thermal_publisher/lib/pkgconfig/boson_thermal_publisher.pc'
[10.935s] Level 1:colcon.colcon_core.environment:checking '/home/krristudent/boson_flir_ws/install/boson_thermal_publisher/lib/python3.10/site-packages'
[10.936s] Level 1:colcon.colcon_core.shell:create_environment_hook('boson_thermal_publisher', 'pythonpath')
[10.937s] INFO:colcon.colcon_core.shell:Creating environment hook '/home/krristudent/boson_flir_ws/install/boson_thermal_publisher/share/boson_thermal_publisher/hook/pythonpath.ps1'
[10.939s] INFO:colcon.colcon_core.shell:Creating environment descriptor '/home/krristudent/boson_flir_ws/install/boson_thermal_publisher/share/boson_thermal_publisher/hook/pythonpath.dsv'
[10.941s] INFO:colcon.colcon_core.shell:Creating environment hook '/home/krristudent/boson_flir_ws/install/boson_thermal_publisher/share/boson_thermal_publisher/hook/pythonpath.sh'
[10.944s] Level 1:colcon.colcon_core.environment:checking '/home/krristudent/boson_flir_ws/install/boson_thermal_publisher/bin'
[10.944s] Level 1:colcon.colcon_core.environment:create_environment_scripts_only(boson_thermal_publisher)
[10.946s] INFO:colcon.colcon_core.shell:Creating package script '/home/krristudent/boson_flir_ws/install/boson_thermal_publisher/share/boson_thermal_publisher/package.ps1'
[10.952s] INFO:colcon.colcon_core.shell:Creating package descriptor '/home/krristudent/boson_flir_ws/install/boson_thermal_publisher/share/boson_thermal_publisher/package.dsv'
[10.956s] INFO:colcon.colcon_core.shell:Creating package script '/home/krristudent/boson_flir_ws/install/boson_thermal_publisher/share/boson_thermal_publisher/package.sh'
[10.962s] INFO:colcon.colcon_core.shell:Creating package script '/home/krristudent/boson_flir_ws/install/boson_thermal_publisher/share/boson_thermal_publisher/package.bash'
[10.969s] INFO:colcon.colcon_core.shell:Creating package script '/home/krristudent/boson_flir_ws/install/boson_thermal_publisher/share/boson_thermal_publisher/package.zsh'
[10.975s] Level 1:colcon.colcon_core.environment:create_file_with_runtime_dependencies(/home/krristudent/boson_flir_ws/install/boson_thermal_publisher/share/colcon-core/packages/boson_thermal_publisher)
[10.976s] DEBUG:colcon.colcon_parallel_executor.executor.parallel:closing loop
[10.978s] DEBUG:colcon.colcon_parallel_executor.executor.parallel:loop closed
[10.978s] DEBUG:colcon.colcon_parallel_executor.executor.parallel:run_until_complete finished with '0'
[10.979s] DEBUG:colcon.colcon_core.event_reactor:joining thread
[11.021s] INFO:colcon.colcon_core.plugin_system:Skipping extension 'colcon_notification.desktop_notification.terminal_notifier': Not used on non-Darwin systems
[11.022s] INFO:colcon.colcon_core.plugin_system:Skipping extension 'colcon_notification.desktop_notification.win32': Not used on non-Windows systems
[11.022s] INFO:colcon.colcon_notification.desktop_notification:Sending desktop notification using 'notify2'
[11.174s] DEBUG:colcon.colcon_core.event_reactor:joined thread
[11.177s] INFO:colcon.colcon_core.shell:Creating prefix script '/home/krristudent/boson_flir_ws/install/local_setup.ps1'
[11.187s] INFO:colcon.colcon_core.shell:Creating prefix util module '/home/krristudent/boson_flir_ws/install/_local_setup_util_ps1.py'
[11.198s] INFO:colcon.colcon_core.shell:Creating prefix chain script '/home/krristudent/boson_flir_ws/install/setup.ps1'
[11.207s] INFO:colcon.colcon_core.shell:Creating prefix script '/home/krristudent/boson_flir_ws/install/local_setup.sh'
[11.211s] INFO:colcon.colcon_core.shell:Creating prefix util module '/home/krristudent/boson_flir_ws/install/_local_setup_util_sh.py'
[11.216s] INFO:colcon.colcon_core.shell:Creating prefix chain script '/home/krristudent/boson_flir_ws/install/setup.sh'
[11.225s] INFO:colcon.colcon_core.shell:Creating prefix script '/home/krristudent/boson_flir_ws/install/local_setup.bash'
[11.230s] INFO:colcon.colcon_core.shell:Creating prefix chain script '/home/krristudent/boson_flir_ws/install/setup.bash'
[11.237s] INFO:colcon.colcon_core.shell:Creating prefix script '/home/krristudent/boson_flir_ws/install/local_setup.zsh'
[11.241s] INFO:colcon.colcon_core.shell:Creating prefix chain script '/home/krristudent/boson_flir_ws/install/setup.zsh'
