[1.012s] DEBUG:colcon:Command line arguments: ['/usr/bin/colcon', 'build']
[1.013s] DEBUG:colcon:Parsed command line arguments: Namespace(log_base=None, log_level=None, verb_name='build', build_base='build', install_base='install', merge_install=False, symlink_install=False, test_result_base=None, continue_on_error=False, executor='parallel', parallel_workers=4, event_handlers=None, ignore_user_meta=False, metas=['./colcon.meta'], base_paths=['.'], packages_ignore=None, packages_ignore_regex=None, paths=None, packages_up_to=None, packages_up_to_regex=None, packages_above=None, packages_above_and_dependencies=None, packages_above_depth=None, packages_select_by_dep=None, packages_skip_by_dep=None, packages_skip_up_to=None, packages_select_build_failed=False, packages_skip_build_finished=False, packages_select_test_failures=False, packages_skip_test_passed=False, packages_select=None, packages_skip=None, packages_select_regex=None, packages_skip_regex=None, packages_start=None, packages_end=None, allow_overriding=[], cmake_args=None, cmake_target=None, cmake_target_skip_unavailable=False, cmake_clean_cache=False, cmake_clean_first=False, cmake_force_configure=False, ament_cmake_args=None, catkin_cmake_args=None, catkin_skip_building_tests=False, mixin_files=None, mixin=None, verb_parser=<colcon_mixin.mixin.mixin_argument.MixinArgumentDecorator object at 0xffff993f1690>, verb_extension=<colcon_core.verb.build.BuildVerb object at 0xffff9959a620>, main=<bound method BuildVerb.main of <colcon_core.verb.build.BuildVerb object at 0xffff9959a620>>, mixin_verb=('build',))
[3.004s] Level 1:colcon.colcon_core.package_discovery:discover_packages(colcon_meta) check parameters
[3.005s] Level 1:colcon.colcon_core.package_discovery:discover_packages(recursive) check parameters
[3.005s] Level 1:colcon.colcon_core.package_discovery:discover_packages(ignore) check parameters
[3.005s] Level 1:colcon.colcon_core.package_discovery:discover_packages(path) check parameters
[3.005s] Level 1:colcon.colcon_core.package_discovery:discover_packages(colcon_meta) discover
[3.006s] Level 1:colcon.colcon_core.package_discovery:discover_packages(recursive) discover
[3.006s] INFO:colcon.colcon_core.package_discovery:Crawling recursively for packages in '/home/krristudent/boson_flir_ws'
[3.007s] Level 1:colcon.colcon_core.package_identification:_identify(.) by extensions ['ignore', 'ignore_ament_install']
[3.007s] Level 1:colcon.colcon_core.package_identification:_identify(.) by extension 'ignore'
[3.008s] Level 1:colcon.colcon_core.package_identification:_identify(.) by extension 'ignore_ament_install'
[3.008s] Level 1:colcon.colcon_core.package_identification:_identify(.) by extensions ['colcon_pkg']
[3.009s] Level 1:colcon.colcon_core.package_identification:_identify(.) by extension 'colcon_pkg'
[3.009s] Level 1:colcon.colcon_core.package_identification:_identify(.) by extensions ['colcon_meta']
[3.009s] Level 1:colcon.colcon_core.package_identification:_identify(.) by extension 'colcon_meta'
[3.009s] Level 1:colcon.colcon_core.package_identification:_identify(.) by extensions ['ros']
[3.009s] Level 1:colcon.colcon_core.package_identification:_identify(.) by extension 'ros'
[3.089s] Level 1:colcon.colcon_core.package_identification:_identify(.) by extensions ['cmake', 'python']
[3.090s] Level 1:colcon.colcon_core.package_identification:_identify(.) by extension 'cmake'
[3.090s] Level 1:colcon.colcon_core.package_identification:_identify(.) by extension 'python'
[3.090s] Level 1:colcon.colcon_core.package_identification:_identify(.) by extensions ['python_setup_py']
[3.090s] Level 1:colcon.colcon_core.package_identification:_identify(.) by extension 'python_setup_py'
[3.091s] Level 1:colcon.colcon_core.package_identification:_identify(build) by extensions ['ignore', 'ignore_ament_install']
[3.092s] Level 1:colcon.colcon_core.package_identification:_identify(build) by extension 'ignore'
[3.092s] Level 1:colcon.colcon_core.package_identification:_identify(build) ignored
[3.093s] Level 1:colcon.colcon_core.package_identification:_identify(install) by extensions ['ignore', 'ignore_ament_install']
[3.093s] Level 1:colcon.colcon_core.package_identification:_identify(install) by extension 'ignore'
[3.093s] Level 1:colcon.colcon_core.package_identification:_identify(install) ignored
[3.094s] Level 1:colcon.colcon_core.package_identification:_identify(log) by extensions ['ignore', 'ignore_ament_install']
[3.094s] Level 1:colcon.colcon_core.package_identification:_identify(log) by extension 'ignore'
[3.095s] Level 1:colcon.colcon_core.package_identification:_identify(log) ignored
[3.095s] Level 1:colcon.colcon_core.package_identification:_identify(src) by extensions ['ignore', 'ignore_ament_install']
[3.095s] Level 1:colcon.colcon_core.package_identification:_identify(src) by extension 'ignore'
[3.096s] Level 1:colcon.colcon_core.package_identification:_identify(src) by extension 'ignore_ament_install'
[3.096s] Level 1:colcon.colcon_core.package_identification:_identify(src) by extensions ['colcon_pkg']
[3.096s] Level 1:colcon.colcon_core.package_identification:_identify(src) by extension 'colcon_pkg'
[3.097s] Level 1:colcon.colcon_core.package_identification:_identify(src) by extensions ['colcon_meta']
[3.097s] Level 1:colcon.colcon_core.package_identification:_identify(src) by extension 'colcon_meta'
[3.097s] Level 1:colcon.colcon_core.package_identification:_identify(src) by extensions ['ros']
[3.097s] Level 1:colcon.colcon_core.package_identification:_identify(src) by extension 'ros'
[3.098s] Level 1:colcon.colcon_core.package_identification:_identify(src) by extensions ['cmake', 'python']
[3.098s] Level 1:colcon.colcon_core.package_identification:_identify(src) by extension 'cmake'
[3.098s] Level 1:colcon.colcon_core.package_identification:_identify(src) by extension 'python'
[3.098s] Level 1:colcon.colcon_core.package_identification:_identify(src) by extensions ['python_setup_py']
[3.098s] Level 1:colcon.colcon_core.package_identification:_identify(src) by extension 'python_setup_py'
[3.099s] Level 1:colcon.colcon_core.package_identification:_identify(src/boson_thermal_publisher) by extensions ['ignore', 'ignore_ament_install']
[3.099s] Level 1:colcon.colcon_core.package_identification:_identify(src/boson_thermal_publisher) by extension 'ignore'
[3.100s] Level 1:colcon.colcon_core.package_identification:_identify(src/boson_thermal_publisher) by extension 'ignore_ament_install'
[3.100s] Level 1:colcon.colcon_core.package_identification:_identify(src/boson_thermal_publisher) by extensions ['colcon_pkg']
[3.100s] Level 1:colcon.colcon_core.package_identification:_identify(src/boson_thermal_publisher) by extension 'colcon_pkg'
[3.100s] Level 1:colcon.colcon_core.package_identification:_identify(src/boson_thermal_publisher) by extensions ['colcon_meta']
[3.101s] Level 1:colcon.colcon_core.package_identification:_identify(src/boson_thermal_publisher) by extension 'colcon_meta'
[3.101s] Level 1:colcon.colcon_core.package_identification:_identify(src/boson_thermal_publisher) by extensions ['ros']
[3.101s] Level 1:colcon.colcon_core.package_identification:_identify(src/boson_thermal_publisher) by extension 'ros'
[3.123s] DEBUG:colcon.colcon_core.package_identification:Package 'src/boson_thermal_publisher' with type 'ros.ament_python' and name 'boson_thermal_publisher'
[3.124s] Level 1:colcon.colcon_core.package_discovery:discover_packages(recursive) using defaults
[3.124s] Level 1:colcon.colcon_core.package_discovery:discover_packages(ignore) discover
[3.124s] Level 1:colcon.colcon_core.package_discovery:discover_packages(ignore) using defaults
[3.124s] Level 1:colcon.colcon_core.package_discovery:discover_packages(path) discover
[3.124s] Level 1:colcon.colcon_core.package_discovery:discover_packages(path) using defaults
[3.341s] Level 1:colcon.colcon_core.package_discovery:discover_packages(prefix_path) check parameters
[3.341s] Level 1:colcon.colcon_core.package_discovery:discover_packages(prefix_path) discover
[3.357s] DEBUG:colcon.colcon_installed_package_information.package_discovery:Found 1 installed packages in /home/krristudent/boson_flir_ws/install
[3.369s] DEBUG:colcon.colcon_installed_package_information.package_discovery:Found 271 installed packages in /opt/ros/humble
[3.378s] Level 1:colcon.colcon_core.package_discovery:discover_packages(prefix_path) using defaults
[3.586s] Level 5:colcon.colcon_core.verb:set package 'boson_thermal_publisher' build argument 'cmake_args' from command line to 'None'
[3.586s] Level 5:colcon.colcon_core.verb:set package 'boson_thermal_publisher' build argument 'cmake_target' from command line to 'None'
[3.587s] Level 5:colcon.colcon_core.verb:set package 'boson_thermal_publisher' build argument 'cmake_target_skip_unavailable' from command line to 'False'
[3.587s] Level 5:colcon.colcon_core.verb:set package 'boson_thermal_publisher' build argument 'cmake_clean_cache' from command line to 'False'
[3.587s] Level 5:colcon.colcon_core.verb:set package 'boson_thermal_publisher' build argument 'cmake_clean_first' from command line to 'False'
[3.587s] Level 5:colcon.colcon_core.verb:set package 'boson_thermal_publisher' build argument 'cmake_force_configure' from command line to 'False'
[3.587s] Level 5:colcon.colcon_core.verb:set package 'boson_thermal_publisher' build argument 'ament_cmake_args' from command line to 'None'
[3.587s] Level 5:colcon.colcon_core.verb:set package 'boson_thermal_publisher' build argument 'catkin_cmake_args' from command line to 'None'
[3.587s] Level 5:colcon.colcon_core.verb:set package 'boson_thermal_publisher' build argument 'catkin_skip_building_tests' from command line to 'False'
[3.588s] DEBUG:colcon.colcon_core.verb:Building package 'boson_thermal_publisher' with the following arguments: {'ament_cmake_args': None, 'build_base': '/home/krristudent/boson_flir_ws/build/boson_thermal_publisher', 'catkin_cmake_args': None, 'catkin_skip_building_tests': False, 'cmake_args': None, 'cmake_clean_cache': False, 'cmake_clean_first': False, 'cmake_force_configure': False, 'cmake_target': None, 'cmake_target_skip_unavailable': False, 'install_base': '/home/krristudent/boson_flir_ws/install/boson_thermal_publisher', 'merge_install': False, 'path': '/home/krristudent/boson_flir_ws/src/boson_thermal_publisher', 'symlink_install': False, 'test_result_base': None}
[3.588s] INFO:colcon.colcon_core.executor:Executing jobs using 'parallel' executor
[3.592s] DEBUG:colcon.colcon_parallel_executor.executor.parallel:run_until_complete
[3.593s] INFO:colcon.colcon_ros.task.ament_python.build:Building ROS package in '/home/krristudent/boson_flir_ws/src/boson_thermal_publisher' with build type 'ament_python'
[3.594s] Level 1:colcon.colcon_core.shell:create_environment_hook('boson_thermal_publisher', 'ament_prefix_path')
[3.624s] INFO:colcon.colcon_core.plugin_system:Skipping extension 'colcon_core.shell.bat': Not used on non-Windows systems
[3.625s] INFO:colcon.colcon_core.shell:Creating environment hook '/home/krristudent/boson_flir_ws/install/boson_thermal_publisher/share/boson_thermal_publisher/hook/ament_prefix_path.ps1'
[3.633s] INFO:colcon.colcon_core.shell:Creating environment descriptor '/home/krristudent/boson_flir_ws/install/boson_thermal_publisher/share/boson_thermal_publisher/hook/ament_prefix_path.dsv'
[3.637s] INFO:colcon.colcon_core.shell:Creating environment hook '/home/krristudent/boson_flir_ws/install/boson_thermal_publisher/share/boson_thermal_publisher/hook/ament_prefix_path.sh'
[3.643s] INFO:colcon.colcon_core.shell:Skip shell extension 'powershell' for command environment: Not usable outside of PowerShell
[3.644s] DEBUG:colcon.colcon_core.shell:Skip shell extension 'dsv' for command environment
[5.117s] INFO:colcon.colcon_core.task.python.build:Building Python package in '/home/krristudent/boson_flir_ws/src/boson_thermal_publisher'
[5.118s] INFO:colcon.colcon_core.shell:Skip shell extension 'powershell' for command environment: Not usable outside of PowerShell
[5.118s] DEBUG:colcon.colcon_core.shell:Skip shell extension 'dsv' for command environment
[7.083s] DEBUG:colcon.colcon_core.event_handler.log_command:Invoking command in '/home/krristudent/boson_flir_ws/src/boson_thermal_publisher': PYTHONPATH=/home/krristudent/boson_flir_ws/build/boson_thermal_publisher/prefix_override:/usr/lib/python3/dist-packages/colcon_core/task/python/colcon_distutils_commands:/home/krristudent/boson_flir_ws/install/boson_thermal_publisher/lib/python3.10/site-packages:${PYTHONPATH} /usr/bin/python3 -W ignore:setup.py install is deprecated -W ignore:easy_install command is deprecated setup.py egg_info --egg-base ../../build/boson_thermal_publisher build --build-base /home/krristudent/boson_flir_ws/build/boson_thermal_publisher/build install --record /home/krristudent/boson_flir_ws/build/boson_thermal_publisher/install.log --single-version-externally-managed install_data
[8.698s] DEBUG:colcon.colcon_core.event_handler.log_command:Invoked command in '/home/krristudent/boson_flir_ws/src/boson_thermal_publisher' returned '0': PYTHONPATH=/home/krristudent/boson_flir_ws/build/boson_thermal_publisher/prefix_override:/usr/lib/python3/dist-packages/colcon_core/task/python/colcon_distutils_commands:/home/krristudent/boson_flir_ws/install/boson_thermal_publisher/lib/python3.10/site-packages:${PYTHONPATH} /usr/bin/python3 -W ignore:setup.py install is deprecated -W ignore:easy_install command is deprecated setup.py egg_info --egg-base ../../build/boson_thermal_publisher build --build-base /home/krristudent/boson_flir_ws/build/boson_thermal_publisher/build install --record /home/krristudent/boson_flir_ws/build/boson_thermal_publisher/install.log --single-version-externally-managed install_data
[8.730s] Level 1:colcon.colcon_core.environment:checking '/home/krristudent/boson_flir_ws/install/boson_thermal_publisher' for CMake module files
[8.735s] Level 1:colcon.colcon_core.environment:checking '/home/krristudent/boson_flir_ws/install/boson_thermal_publisher' for CMake config files
[8.741s] Level 1:colcon.colcon_core.environment:checking '/home/krristudent/boson_flir_ws/install/boson_thermal_publisher/lib'
[8.742s] Level 1:colcon.colcon_core.environment:checking '/home/krristudent/boson_flir_ws/install/boson_thermal_publisher/bin'
[8.742s] Level 1:colcon.colcon_core.environment:checking '/home/krristudent/boson_flir_ws/install/boson_thermal_publisher/lib/pkgconfig/boson_thermal_publisher.pc'
[8.743s] Level 1:colcon.colcon_core.environment:checking '/home/krristudent/boson_flir_ws/install/boson_thermal_publisher/lib/python3.10/site-packages'
[8.744s] Level 1:colcon.colcon_core.shell:create_environment_hook('boson_thermal_publisher', 'pythonpath')
[8.745s] INFO:colcon.colcon_core.shell:Creating environment hook '/home/krristudent/boson_flir_ws/install/boson_thermal_publisher/share/boson_thermal_publisher/hook/pythonpath.ps1'
[8.747s] INFO:colcon.colcon_core.shell:Creating environment descriptor '/home/krristudent/boson_flir_ws/install/boson_thermal_publisher/share/boson_thermal_publisher/hook/pythonpath.dsv'
[8.750s] INFO:colcon.colcon_core.shell:Creating environment hook '/home/krristudent/boson_flir_ws/install/boson_thermal_publisher/share/boson_thermal_publisher/hook/pythonpath.sh'
[8.753s] Level 1:colcon.colcon_core.environment:checking '/home/krristudent/boson_flir_ws/install/boson_thermal_publisher/bin'
[8.753s] Level 1:colcon.colcon_core.environment:create_environment_scripts_only(boson_thermal_publisher)
[8.755s] INFO:colcon.colcon_core.shell:Creating package script '/home/krristudent/boson_flir_ws/install/boson_thermal_publisher/share/boson_thermal_publisher/package.ps1'
[8.759s] INFO:colcon.colcon_core.shell:Creating package descriptor '/home/krristudent/boson_flir_ws/install/boson_thermal_publisher/share/boson_thermal_publisher/package.dsv'
[8.764s] INFO:colcon.colcon_core.shell:Creating package script '/home/krristudent/boson_flir_ws/install/boson_thermal_publisher/share/boson_thermal_publisher/package.sh'
[8.769s] INFO:colcon.colcon_core.shell:Creating package script '/home/krristudent/boson_flir_ws/install/boson_thermal_publisher/share/boson_thermal_publisher/package.bash'
[8.775s] INFO:colcon.colcon_core.shell:Creating package script '/home/krristudent/boson_flir_ws/install/boson_thermal_publisher/share/boson_thermal_publisher/package.zsh'
[8.781s] Level 1:colcon.colcon_core.environment:create_file_with_runtime_dependencies(/home/krristudent/boson_flir_ws/install/boson_thermal_publisher/share/colcon-core/packages/boson_thermal_publisher)
[8.783s] DEBUG:colcon.colcon_parallel_executor.executor.parallel:closing loop
[8.784s] DEBUG:colcon.colcon_parallel_executor.executor.parallel:loop closed
[8.785s] DEBUG:colcon.colcon_parallel_executor.executor.parallel:run_until_complete finished with '0'
[8.785s] DEBUG:colcon.colcon_core.event_reactor:joining thread
[8.829s] INFO:colcon.colcon_core.plugin_system:Skipping extension 'colcon_notification.desktop_notification.terminal_notifier': Not used on non-Darwin systems
[8.829s] INFO:colcon.colcon_core.plugin_system:Skipping extension 'colcon_notification.desktop_notification.win32': Not used on non-Windows systems
[8.830s] INFO:colcon.colcon_notification.desktop_notification:Sending desktop notification using 'notify2'
[8.954s] DEBUG:colcon.colcon_core.event_reactor:joined thread
[8.959s] INFO:colcon.colcon_core.shell:Creating prefix script '/home/krristudent/boson_flir_ws/install/local_setup.ps1'
[8.972s] INFO:colcon.colcon_core.shell:Creating prefix util module '/home/krristudent/boson_flir_ws/install/_local_setup_util_ps1.py'
[8.982s] INFO:colcon.colcon_core.shell:Creating prefix chain script '/home/krristudent/boson_flir_ws/install/setup.ps1'
[8.991s] INFO:colcon.colcon_core.shell:Creating prefix script '/home/krristudent/boson_flir_ws/install/local_setup.sh'
[8.995s] INFO:colcon.colcon_core.shell:Creating prefix util module '/home/krristudent/boson_flir_ws/install/_local_setup_util_sh.py'
[8.999s] INFO:colcon.colcon_core.shell:Creating prefix chain script '/home/krristudent/boson_flir_ws/install/setup.sh'
[9.006s] INFO:colcon.colcon_core.shell:Creating prefix script '/home/krristudent/boson_flir_ws/install/local_setup.bash'
[9.011s] INFO:colcon.colcon_core.shell:Creating prefix chain script '/home/krristudent/boson_flir_ws/install/setup.bash'
[9.019s] INFO:colcon.colcon_core.shell:Creating prefix script '/home/krristudent/boson_flir_ws/install/local_setup.zsh'
[9.024s] INFO:colcon.colcon_core.shell:Creating prefix chain script '/home/krristudent/boson_flir_ws/install/setup.zsh'
