running egg_info
creating ../../build/boson_thermal_publisher/boson_thermal_publisher.egg-info
writing ../../build/boson_thermal_publisher/boson_thermal_publisher.egg-info/PKG-INFO
writing dependency_links to ../../build/boson_thermal_publisher/boson_thermal_publisher.egg-info/dependency_links.txt
writing entry points to ../../build/boson_thermal_publisher/boson_thermal_publisher.egg-info/entry_points.txt
writing requirements to ../../build/boson_thermal_publisher/boson_thermal_publisher.egg-info/requires.txt
writing top-level names to ../../build/boson_thermal_publisher/boson_thermal_publisher.egg-info/top_level.txt
writing manifest file '../../build/boson_thermal_publisher/boson_thermal_publisher.egg-info/SOURCES.txt'
reading manifest file '../../build/boson_thermal_publisher/boson_thermal_publisher.egg-info/SOURCES.txt'
writing manifest file '../../build/boson_thermal_publisher/boson_thermal_publisher.egg-info/SOURCES.txt'
running build
running build_py
creating /home/krristudent/boson_flir_ws/build/boson_thermal_publisher/build
creating /home/krristudent/boson_flir_ws/build/boson_thermal_publisher/build/lib
creating /home/krristudent/boson_flir_ws/build/boson_thermal_publisher/build/lib/boson_thermal_publisher
copying boson_thermal_publisher/thermal_publisher.py -> /home/krristudent/boson_flir_ws/build/boson_thermal_publisher/build/lib/boson_thermal_publisher
copying boson_thermal_publisher/__init__.py -> /home/krristudent/boson_flir_ws/build/boson_thermal_publisher/build/lib/boson_thermal_publisher
running install
running install_lib
creating /home/krristudent/boson_flir_ws/install/boson_thermal_publisher/lib/python3.10/site-packages/boson_thermal_publisher
copying /home/krristudent/boson_flir_ws/build/boson_thermal_publisher/build/lib/boson_thermal_publisher/thermal_publisher.py -> /home/krristudent/boson_flir_ws/install/boson_thermal_publisher/lib/python3.10/site-packages/boson_thermal_publisher
copying /home/krristudent/boson_flir_ws/build/boson_thermal_publisher/build/lib/boson_thermal_publisher/__init__.py -> /home/krristudent/boson_flir_ws/install/boson_thermal_publisher/lib/python3.10/site-packages/boson_thermal_publisher
byte-compiling /home/krristudent/boson_flir_ws/install/boson_thermal_publisher/lib/python3.10/site-packages/boson_thermal_publisher/thermal_publisher.py to thermal_publisher.cpython-310.pyc
byte-compiling /home/krristudent/boson_flir_ws/install/boson_thermal_publisher/lib/python3.10/site-packages/boson_thermal_publisher/__init__.py to __init__.cpython-310.pyc
running install_data
creating /home/krristudent/boson_flir_ws/install/boson_thermal_publisher/share/ament_index
creating /home/krristudent/boson_flir_ws/install/boson_thermal_publisher/share/ament_index/resource_index
creating /home/krristudent/boson_flir_ws/install/boson_thermal_publisher/share/ament_index/resource_index/packages
copying resource/boson_thermal_publisher -> /home/krristudent/boson_flir_ws/install/boson_thermal_publisher/share/ament_index/resource_index/packages
copying package.xml -> /home/krristudent/boson_flir_ws/install/boson_thermal_publisher/share/boson_thermal_publisher
running install_egg_info
Copying ../../build/boson_thermal_publisher/boson_thermal_publisher.egg-info to /home/krristudent/boson_flir_ws/install/boson_thermal_publisher/lib/python3.10/site-packages/boson_thermal_publisher-0.0.0-py3.10.egg-info
running install_scripts
Installing thermal_publisher script to /home/krristudent/boson_flir_ws/install/boson_thermal_publisher/lib/boson_thermal_publisher
writing list of installed files to '/home/krristudent/boson_flir_ws/build/boson_thermal_publisher/install.log'
