[4.787s] Invoking command in '/home/krristudent/boson_flir_ws/src/boson_thermal_publisher': PYTHONPATH=/home/krristudent/boson_flir_ws/build/boson_thermal_publisher/prefix_override:/usr/lib/python3/dist-packages/colcon_core/task/python/colcon_distutils_commands:/home/krristudent/boson_flir_ws/install/boson_thermal_publisher/lib/python3.10/site-packages:${PYTHONPATH} /usr/bin/python3 -W ignore:setup.py install is deprecated -W ignore:easy_install command is deprecated setup.py egg_info --egg-base ../../build/boson_thermal_publisher build --build-base /home/krristudent/boson_flir_ws/build/boson_thermal_publisher/build install --record /home/krristudent/boson_flir_ws/build/boson_thermal_publisher/install.log --single-version-externally-managed install_data
[6.752s] running egg_info
[6.755s] creating ../../build/boson_thermal_publisher/boson_thermal_publisher.egg-info
[6.756s] writing ../../build/boson_thermal_publisher/boson_thermal_publisher.egg-info/PKG-INFO
[6.757s] writing dependency_links to ../../build/boson_thermal_publisher/boson_thermal_publisher.egg-info/dependency_links.txt
[6.758s] writing entry points to ../../build/boson_thermal_publisher/boson_thermal_publisher.egg-info/entry_points.txt
[6.759s] writing requirements to ../../build/boson_thermal_publisher/boson_thermal_publisher.egg-info/requires.txt
[6.760s] writing top-level names to ../../build/boson_thermal_publisher/boson_thermal_publisher.egg-info/top_level.txt
[6.761s] writing manifest file '../../build/boson_thermal_publisher/boson_thermal_publisher.egg-info/SOURCES.txt'
[6.769s] reading manifest file '../../build/boson_thermal_publisher/boson_thermal_publisher.egg-info/SOURCES.txt'
[6.773s] writing manifest file '../../build/boson_thermal_publisher/boson_thermal_publisher.egg-info/SOURCES.txt'
[6.775s] running build
[6.776s] running build_py
[6.776s] creating /home/krristudent/boson_flir_ws/build/boson_thermal_publisher/build
[6.776s] creating /home/krristudent/boson_flir_ws/build/boson_thermal_publisher/build/lib
[6.777s] creating /home/krristudent/boson_flir_ws/build/boson_thermal_publisher/build/lib/boson_thermal_publisher
[6.778s] copying boson_thermal_publisher/thermal_publisher.py -> /home/krristudent/boson_flir_ws/build/boson_thermal_publisher/build/lib/boson_thermal_publisher
[6.778s] copying boson_thermal_publisher/__init__.py -> /home/krristudent/boson_flir_ws/build/boson_thermal_publisher/build/lib/boson_thermal_publisher
[6.778s] running install
[6.779s] running install_lib
[6.783s] creating /home/krristudent/boson_flir_ws/install/boson_thermal_publisher/lib/python3.10/site-packages/boson_thermal_publisher
[6.784s] copying /home/krristudent/boson_flir_ws/build/boson_thermal_publisher/build/lib/boson_thermal_publisher/thermal_publisher.py -> /home/krristudent/boson_flir_ws/install/boson_thermal_publisher/lib/python3.10/site-packages/boson_thermal_publisher
[6.784s] copying /home/krristudent/boson_flir_ws/build/boson_thermal_publisher/build/lib/boson_thermal_publisher/__init__.py -> /home/krristudent/boson_flir_ws/install/boson_thermal_publisher/lib/python3.10/site-packages/boson_thermal_publisher
[6.787s] byte-compiling /home/krristudent/boson_flir_ws/install/boson_thermal_publisher/lib/python3.10/site-packages/boson_thermal_publisher/thermal_publisher.py to thermal_publisher.cpython-310.pyc
[6.790s] byte-compiling /home/krristudent/boson_flir_ws/install/boson_thermal_publisher/lib/python3.10/site-packages/boson_thermal_publisher/__init__.py to __init__.cpython-310.pyc
[6.791s] running install_data
[6.792s] creating /home/krristudent/boson_flir_ws/install/boson_thermal_publisher/share/ament_index
[6.793s] creating /home/krristudent/boson_flir_ws/install/boson_thermal_publisher/share/ament_index/resource_index
[6.793s] creating /home/krristudent/boson_flir_ws/install/boson_thermal_publisher/share/ament_index/resource_index/packages
[6.794s] copying resource/boson_thermal_publisher -> /home/krristudent/boson_flir_ws/install/boson_thermal_publisher/share/ament_index/resource_index/packages
[6.794s] copying package.xml -> /home/krristudent/boson_flir_ws/install/boson_thermal_publisher/share/boson_thermal_publisher
[6.795s] running install_egg_info
[6.802s] Copying ../../build/boson_thermal_publisher/boson_thermal_publisher.egg-info to /home/krristudent/boson_flir_ws/install/boson_thermal_publisher/lib/python3.10/site-packages/boson_thermal_publisher-0.0.0-py3.10.egg-info
[6.809s] running install_scripts
[6.908s] Installing thermal_publisher script to /home/krristudent/boson_flir_ws/install/boson_thermal_publisher/lib/boson_thermal_publisher
[6.909s] writing list of installed files to '/home/krristudent/boson_flir_ws/build/boson_thermal_publisher/install.log'
[7.041s] Invoked command in '/home/krristudent/boson_flir_ws/src/boson_thermal_publisher' returned '0': PYTHONPATH=/home/krristudent/boson_flir_ws/build/boson_thermal_publisher/prefix_override:/usr/lib/python3/dist-packages/colcon_core/task/python/colcon_distutils_commands:/home/krristudent/boson_flir_ws/install/boson_thermal_publisher/lib/python3.10/site-packages:${PYTHONPATH} /usr/bin/python3 -W ignore:setup.py install is deprecated -W ignore:easy_install command is deprecated setup.py egg_info --egg-base ../../build/boson_thermal_publisher build --build-base /home/krristudent/boson_flir_ws/build/boson_thermal_publisher/build install --record /home/krristudent/boson_flir_ws/build/boson_thermal_publisher/install.log --single-version-externally-managed install_data
