[0.608s] DEBUG:colcon:Command line arguments: ['/usr/bin/colcon', 'build']
[0.609s] DEBUG:colcon:Parsed command line arguments: Namespace(log_base=None, log_level=None, verb_name='build', build_base='build', install_base='install', merge_install=False, symlink_install=False, test_result_base=None, continue_on_error=False, executor='parallel', parallel_workers=4, event_handlers=None, ignore_user_meta=False, metas=['./colcon.meta'], base_paths=['.'], packages_ignore=None, packages_ignore_regex=None, paths=None, packages_up_to=None, packages_up_to_regex=None, packages_above=None, packages_above_and_dependencies=None, packages_above_depth=None, packages_select_by_dep=None, packages_skip_by_dep=None, packages_skip_up_to=None, packages_select_build_failed=False, packages_skip_build_finished=False, packages_select_test_failures=False, packages_skip_test_passed=False, packages_select=None, packages_skip=None, packages_select_regex=None, packages_skip_regex=None, packages_start=None, packages_end=None, allow_overriding=[], cmake_args=None, cmake_target=None, cmake_target_skip_unavailable=False, cmake_clean_cache=False, cmake_clean_first=False, cmake_force_configure=False, ament_cmake_args=None, catkin_cmake_args=None, catkin_skip_building_tests=False, mixin_files=None, mixin=None, verb_parser=<colcon_mixin.mixin.mixin_argument.MixinArgumentDecorator object at 0xffff99821690>, verb_extension=<colcon_core.verb.build.BuildVerb object at 0xffff999ca620>, main=<bound method BuildVerb.main of <colcon_core.verb.build.BuildVerb object at 0xffff999ca620>>, mixin_verb=('build',))
[1.740s] Level 1:colcon.colcon_core.package_discovery:discover_packages(colcon_meta) check parameters
[1.741s] Level 1:colcon.colcon_core.package_discovery:discover_packages(recursive) check parameters
[1.741s] Level 1:colcon.colcon_core.package_discovery:discover_packages(ignore) check parameters
[1.741s] Level 1:colcon.colcon_core.package_discovery:discover_packages(path) check parameters
[1.742s] Level 1:colcon.colcon_core.package_discovery:discover_packages(colcon_meta) discover
[1.742s] Level 1:colcon.colcon_core.package_discovery:discover_packages(recursive) discover
[1.742s] INFO:colcon.colcon_core.package_discovery:Crawling recursively for packages in '/home/krristudent/boson_flir_ws'
[1.743s] Level 1:colcon.colcon_core.package_identification:_identify(.) by extensions ['ignore', 'ignore_ament_install']
[1.744s] Level 1:colcon.colcon_core.package_identification:_identify(.) by extension 'ignore'
[1.744s] Level 1:colcon.colcon_core.package_identification:_identify(.) by extension 'ignore_ament_install'
[1.744s] Level 1:colcon.colcon_core.package_identification:_identify(.) by extensions ['colcon_pkg']
[1.745s] Level 1:colcon.colcon_core.package_identification:_identify(.) by extension 'colcon_pkg'
[1.745s] Level 1:colcon.colcon_core.package_identification:_identify(.) by extensions ['colcon_meta']
[1.745s] Level 1:colcon.colcon_core.package_identification:_identify(.) by extension 'colcon_meta'
[1.745s] Level 1:colcon.colcon_core.package_identification:_identify(.) by extensions ['ros']
[1.746s] Level 1:colcon.colcon_core.package_identification:_identify(.) by extension 'ros'
[1.800s] Level 1:colcon.colcon_core.package_identification:_identify(.) by extensions ['cmake', 'python']
[1.800s] Level 1:colcon.colcon_core.package_identification:_identify(.) by extension 'cmake'
[1.800s] Level 1:colcon.colcon_core.package_identification:_identify(.) by extension 'python'
[1.800s] Level 1:colcon.colcon_core.package_identification:_identify(.) by extensions ['python_setup_py']
[1.801s] Level 1:colcon.colcon_core.package_identification:_identify(.) by extension 'python_setup_py'
[1.801s] Level 1:colcon.colcon_core.package_identification:_identify(build) by extensions ['ignore', 'ignore_ament_install']
[1.802s] Level 1:colcon.colcon_core.package_identification:_identify(build) by extension 'ignore'
[1.802s] Level 1:colcon.colcon_core.package_identification:_identify(build) ignored
[1.803s] Level 1:colcon.colcon_core.package_identification:_identify(install) by extensions ['ignore', 'ignore_ament_install']
[1.803s] Level 1:colcon.colcon_core.package_identification:_identify(install) by extension 'ignore'
[1.804s] Level 1:colcon.colcon_core.package_identification:_identify(install) ignored
[1.804s] Level 1:colcon.colcon_core.package_identification:_identify(log) by extensions ['ignore', 'ignore_ament_install']
[1.805s] Level 1:colcon.colcon_core.package_identification:_identify(log) by extension 'ignore'
[1.805s] Level 1:colcon.colcon_core.package_identification:_identify(log) ignored
[1.806s] Level 1:colcon.colcon_core.package_identification:_identify(src) by extensions ['ignore', 'ignore_ament_install']
[1.806s] Level 1:colcon.colcon_core.package_identification:_identify(src) by extension 'ignore'
[1.806s] Level 1:colcon.colcon_core.package_identification:_identify(src) by extension 'ignore_ament_install'
[1.807s] Level 1:colcon.colcon_core.package_identification:_identify(src) by extensions ['colcon_pkg']
[1.807s] Level 1:colcon.colcon_core.package_identification:_identify(src) by extension 'colcon_pkg'
[1.807s] Level 1:colcon.colcon_core.package_identification:_identify(src) by extensions ['colcon_meta']
[1.808s] Level 1:colcon.colcon_core.package_identification:_identify(src) by extension 'colcon_meta'
[1.808s] Level 1:colcon.colcon_core.package_identification:_identify(src) by extensions ['ros']
[1.808s] Level 1:colcon.colcon_core.package_identification:_identify(src) by extension 'ros'
[1.809s] Level 1:colcon.colcon_core.package_identification:_identify(src) by extensions ['cmake', 'python']
[1.809s] Level 1:colcon.colcon_core.package_identification:_identify(src) by extension 'cmake'
[1.809s] Level 1:colcon.colcon_core.package_identification:_identify(src) by extension 'python'
[1.810s] Level 1:colcon.colcon_core.package_identification:_identify(src) by extensions ['python_setup_py']
[1.810s] Level 1:colcon.colcon_core.package_identification:_identify(src) by extension 'python_setup_py'
[1.811s] Level 1:colcon.colcon_core.package_identification:_identify(src/boson_thermal_publisher) by extensions ['ignore', 'ignore_ament_install']
[1.811s] Level 1:colcon.colcon_core.package_identification:_identify(src/boson_thermal_publisher) by extension 'ignore'
[1.811s] Level 1:colcon.colcon_core.package_identification:_identify(src/boson_thermal_publisher) by extension 'ignore_ament_install'
[1.812s] Level 1:colcon.colcon_core.package_identification:_identify(src/boson_thermal_publisher) by extensions ['colcon_pkg']
[1.812s] Level 1:colcon.colcon_core.package_identification:_identify(src/boson_thermal_publisher) by extension 'colcon_pkg'
[1.812s] Level 1:colcon.colcon_core.package_identification:_identify(src/boson_thermal_publisher) by extensions ['colcon_meta']
[1.812s] Level 1:colcon.colcon_core.package_identification:_identify(src/boson_thermal_publisher) by extension 'colcon_meta'
[1.812s] Level 1:colcon.colcon_core.package_identification:_identify(src/boson_thermal_publisher) by extensions ['ros']
[1.813s] Level 1:colcon.colcon_core.package_identification:_identify(src/boson_thermal_publisher) by extension 'ros'
[1.825s] DEBUG:colcon.colcon_core.package_identification:Package 'src/boson_thermal_publisher' with type 'ros.ament_python' and name 'boson_thermal_publisher'
[1.825s] Level 1:colcon.colcon_core.package_discovery:discover_packages(recursive) using defaults
[1.825s] Level 1:colcon.colcon_core.package_discovery:discover_packages(ignore) discover
[1.825s] Level 1:colcon.colcon_core.package_discovery:discover_packages(ignore) using defaults
[1.826s] Level 1:colcon.colcon_core.package_discovery:discover_packages(path) discover
[1.826s] Level 1:colcon.colcon_core.package_discovery:discover_packages(path) using defaults
[1.964s] Level 1:colcon.colcon_core.package_discovery:discover_packages(prefix_path) check parameters
[1.965s] Level 1:colcon.colcon_core.package_discovery:discover_packages(prefix_path) discover
[1.974s] DEBUG:colcon.colcon_installed_package_information.package_discovery:Found 1 installed packages in /home/krristudent/boson_flir_ws/install
[1.985s] DEBUG:colcon.colcon_installed_package_information.package_discovery:Found 271 installed packages in /opt/ros/humble
[1.992s] Level 1:colcon.colcon_core.package_discovery:discover_packages(prefix_path) using defaults
[2.197s] Level 5:colcon.colcon_core.verb:set package 'boson_thermal_publisher' build argument 'cmake_args' from command line to 'None'
[2.197s] Level 5:colcon.colcon_core.verb:set package 'boson_thermal_publisher' build argument 'cmake_target' from command line to 'None'
[2.197s] Level 5:colcon.colcon_core.verb:set package 'boson_thermal_publisher' build argument 'cmake_target_skip_unavailable' from command line to 'False'
[2.197s] Level 5:colcon.colcon_core.verb:set package 'boson_thermal_publisher' build argument 'cmake_clean_cache' from command line to 'False'
[2.197s] Level 5:colcon.colcon_core.verb:set package 'boson_thermal_publisher' build argument 'cmake_clean_first' from command line to 'False'
[2.198s] Level 5:colcon.colcon_core.verb:set package 'boson_thermal_publisher' build argument 'cmake_force_configure' from command line to 'False'
[2.198s] Level 5:colcon.colcon_core.verb:set package 'boson_thermal_publisher' build argument 'ament_cmake_args' from command line to 'None'
[2.198s] Level 5:colcon.colcon_core.verb:set package 'boson_thermal_publisher' build argument 'catkin_cmake_args' from command line to 'None'
[2.198s] Level 5:colcon.colcon_core.verb:set package 'boson_thermal_publisher' build argument 'catkin_skip_building_tests' from command line to 'False'
[2.198s] DEBUG:colcon.colcon_core.verb:Building package 'boson_thermal_publisher' with the following arguments: {'ament_cmake_args': None, 'build_base': '/home/krristudent/boson_flir_ws/build/boson_thermal_publisher', 'catkin_cmake_args': None, 'catkin_skip_building_tests': False, 'cmake_args': None, 'cmake_clean_cache': False, 'cmake_clean_first': False, 'cmake_force_configure': False, 'cmake_target': None, 'cmake_target_skip_unavailable': False, 'install_base': '/home/krristudent/boson_flir_ws/install/boson_thermal_publisher', 'merge_install': False, 'path': '/home/krristudent/boson_flir_ws/src/boson_thermal_publisher', 'symlink_install': False, 'test_result_base': None}
[2.199s] INFO:colcon.colcon_core.executor:Executing jobs using 'parallel' executor
[2.203s] DEBUG:colcon.colcon_parallel_executor.executor.parallel:run_until_complete
[2.204s] INFO:colcon.colcon_ros.task.ament_python.build:Building ROS package in '/home/krristudent/boson_flir_ws/src/boson_thermal_publisher' with build type 'ament_python'
[2.205s] Level 1:colcon.colcon_core.shell:create_environment_hook('boson_thermal_publisher', 'ament_prefix_path')
[2.215s] INFO:colcon.colcon_core.plugin_system:Skipping extension 'colcon_core.shell.bat': Not used on non-Windows systems
[2.218s] INFO:colcon.colcon_core.shell:Creating environment hook '/home/krristudent/boson_flir_ws/install/boson_thermal_publisher/share/boson_thermal_publisher/hook/ament_prefix_path.ps1'
[2.223s] INFO:colcon.colcon_core.shell:Creating environment descriptor '/home/krristudent/boson_flir_ws/install/boson_thermal_publisher/share/boson_thermal_publisher/hook/ament_prefix_path.dsv'
[2.227s] INFO:colcon.colcon_core.shell:Creating environment hook '/home/krristudent/boson_flir_ws/install/boson_thermal_publisher/share/boson_thermal_publisher/hook/ament_prefix_path.sh'
[2.240s] INFO:colcon.colcon_core.shell:Skip shell extension 'powershell' for command environment: Not usable outside of PowerShell
[2.241s] DEBUG:colcon.colcon_core.shell:Skip shell extension 'dsv' for command environment
[3.802s] INFO:colcon.colcon_core.task.python.build:Building Python package in '/home/krristudent/boson_flir_ws/src/boson_thermal_publisher'
[3.803s] INFO:colcon.colcon_core.shell:Skip shell extension 'powershell' for command environment: Not usable outside of PowerShell
[3.804s] DEBUG:colcon.colcon_core.shell:Skip shell extension 'dsv' for command environment
[5.796s] DEBUG:colcon.colcon_core.event_handler.log_command:Invoking command in '/home/krristudent/boson_flir_ws/src/boson_thermal_publisher': PYTHONPATH=/home/krristudent/boson_flir_ws/build/boson_thermal_publisher/prefix_override:/usr/lib/python3/dist-packages/colcon_core/task/python/colcon_distutils_commands:/home/krristudent/boson_flir_ws/install/boson_thermal_publisher/lib/python3.10/site-packages:${PYTHONPATH} /usr/bin/python3 -W ignore:setup.py install is deprecated -W ignore:easy_install command is deprecated setup.py egg_info --egg-base ../../build/boson_thermal_publisher build --build-base /home/krristudent/boson_flir_ws/build/boson_thermal_publisher/build install --record /home/krristudent/boson_flir_ws/build/boson_thermal_publisher/install.log --single-version-externally-managed install_data
[7.428s] DEBUG:colcon.colcon_core.event_handler.log_command:Invoked command in '/home/krristudent/boson_flir_ws/src/boson_thermal_publisher' returned '0': PYTHONPATH=/home/krristudent/boson_flir_ws/build/boson_thermal_publisher/prefix_override:/usr/lib/python3/dist-packages/colcon_core/task/python/colcon_distutils_commands:/home/krristudent/boson_flir_ws/install/boson_thermal_publisher/lib/python3.10/site-packages:${PYTHONPATH} /usr/bin/python3 -W ignore:setup.py install is deprecated -W ignore:easy_install command is deprecated setup.py egg_info --egg-base ../../build/boson_thermal_publisher build --build-base /home/krristudent/boson_flir_ws/build/boson_thermal_publisher/build install --record /home/krristudent/boson_flir_ws/build/boson_thermal_publisher/install.log --single-version-externally-managed install_data
[7.442s] Level 1:colcon.colcon_core.environment:checking '/home/krristudent/boson_flir_ws/install/boson_thermal_publisher' for CMake module files
[7.447s] Level 1:colcon.colcon_core.environment:checking '/home/krristudent/boson_flir_ws/install/boson_thermal_publisher' for CMake config files
[7.452s] Level 1:colcon.colcon_core.environment:checking '/home/krristudent/boson_flir_ws/install/boson_thermal_publisher/lib'
[7.453s] Level 1:colcon.colcon_core.environment:checking '/home/krristudent/boson_flir_ws/install/boson_thermal_publisher/bin'
[7.453s] Level 1:colcon.colcon_core.environment:checking '/home/krristudent/boson_flir_ws/install/boson_thermal_publisher/lib/pkgconfig/boson_thermal_publisher.pc'
[7.455s] Level 1:colcon.colcon_core.environment:checking '/home/krristudent/boson_flir_ws/install/boson_thermal_publisher/lib/python3.10/site-packages'
[7.455s] Level 1:colcon.colcon_core.shell:create_environment_hook('boson_thermal_publisher', 'pythonpath')
[7.457s] INFO:colcon.colcon_core.shell:Creating environment hook '/home/krristudent/boson_flir_ws/install/boson_thermal_publisher/share/boson_thermal_publisher/hook/pythonpath.ps1'
[7.460s] INFO:colcon.colcon_core.shell:Creating environment descriptor '/home/krristudent/boson_flir_ws/install/boson_thermal_publisher/share/boson_thermal_publisher/hook/pythonpath.dsv'
[7.462s] INFO:colcon.colcon_core.shell:Creating environment hook '/home/krristudent/boson_flir_ws/install/boson_thermal_publisher/share/boson_thermal_publisher/hook/pythonpath.sh'
[7.465s] Level 1:colcon.colcon_core.environment:checking '/home/krristudent/boson_flir_ws/install/boson_thermal_publisher/bin'
[7.466s] Level 1:colcon.colcon_core.environment:create_environment_scripts_only(boson_thermal_publisher)
[7.467s] INFO:colcon.colcon_core.shell:Creating package script '/home/krristudent/boson_flir_ws/install/boson_thermal_publisher/share/boson_thermal_publisher/package.ps1'
[7.473s] INFO:colcon.colcon_core.shell:Creating package descriptor '/home/krristudent/boson_flir_ws/install/boson_thermal_publisher/share/boson_thermal_publisher/package.dsv'
[7.479s] INFO:colcon.colcon_core.shell:Creating package script '/home/krristudent/boson_flir_ws/install/boson_thermal_publisher/share/boson_thermal_publisher/package.sh'
[7.484s] INFO:colcon.colcon_core.shell:Creating package script '/home/krristudent/boson_flir_ws/install/boson_thermal_publisher/share/boson_thermal_publisher/package.bash'
[7.488s] INFO:colcon.colcon_core.shell:Creating package script '/home/krristudent/boson_flir_ws/install/boson_thermal_publisher/share/boson_thermal_publisher/package.zsh'
[7.492s] Level 1:colcon.colcon_core.environment:create_file_with_runtime_dependencies(/home/krristudent/boson_flir_ws/install/boson_thermal_publisher/share/colcon-core/packages/boson_thermal_publisher)
[7.494s] DEBUG:colcon.colcon_parallel_executor.executor.parallel:closing loop
[7.495s] DEBUG:colcon.colcon_parallel_executor.executor.parallel:loop closed
[7.495s] DEBUG:colcon.colcon_parallel_executor.executor.parallel:run_until_complete finished with '0'
[7.496s] DEBUG:colcon.colcon_core.event_reactor:joining thread
[7.524s] INFO:colcon.colcon_core.plugin_system:Skipping extension 'colcon_notification.desktop_notification.terminal_notifier': Not used on non-Darwin systems
[7.525s] INFO:colcon.colcon_core.plugin_system:Skipping extension 'colcon_notification.desktop_notification.win32': Not used on non-Windows systems
[7.525s] INFO:colcon.colcon_notification.desktop_notification:Sending desktop notification using 'notify2'
[7.585s] DEBUG:colcon.colcon_core.event_reactor:joined thread
[7.586s] INFO:colcon.colcon_core.shell:Creating prefix script '/home/krristudent/boson_flir_ws/install/local_setup.ps1'
[7.591s] INFO:colcon.colcon_core.shell:Creating prefix util module '/home/krristudent/boson_flir_ws/install/_local_setup_util_ps1.py'
[7.602s] INFO:colcon.colcon_core.shell:Creating prefix chain script '/home/krristudent/boson_flir_ws/install/setup.ps1'
[7.609s] INFO:colcon.colcon_core.shell:Creating prefix script '/home/krristudent/boson_flir_ws/install/local_setup.sh'
[7.613s] INFO:colcon.colcon_core.shell:Creating prefix util module '/home/krristudent/boson_flir_ws/install/_local_setup_util_sh.py'
[7.617s] INFO:colcon.colcon_core.shell:Creating prefix chain script '/home/krristudent/boson_flir_ws/install/setup.sh'
[7.625s] INFO:colcon.colcon_core.shell:Creating prefix script '/home/krristudent/boson_flir_ws/install/local_setup.bash'
[7.628s] INFO:colcon.colcon_core.shell:Creating prefix chain script '/home/krristudent/boson_flir_ws/install/setup.bash'
[7.635s] INFO:colcon.colcon_core.shell:Creating prefix script '/home/krristudent/boson_flir_ws/install/local_setup.zsh'
[7.642s] INFO:colcon.colcon_core.shell:Creating prefix chain script '/home/krristudent/boson_flir_ws/install/setup.zsh'
