[4.326s] Invoking command in '/home/krristudent/boson_flir_ws/src/boson_thermal_publisher': PYTHONPATH=/home/krristudent/boson_flir_ws/build/boson_thermal_publisher/prefix_override:/usr/lib/python3/dist-packages/colcon_core/task/python/colcon_distutils_commands:/home/krristudent/boson_flir_ws/install/boson_thermal_publisher/lib/python3.10/site-packages:${PYTHONPATH} /usr/bin/python3 -W ignore:setup.py install is deprecated -W ignore:easy_install command is deprecated setup.py egg_info --egg-base ../../build/boson_thermal_publisher build --build-base /home/krristudent/boson_flir_ws/build/boson_thermal_publisher/build install --record /home/krristudent/boson_flir_ws/build/boson_thermal_publisher/install.log --single-version-externally-managed install_data
[6.058s] running egg_info
[6.062s] writing ../../build/boson_thermal_publisher/boson_thermal_publisher.egg-info/PKG-INFO
[6.064s] writing dependency_links to ../../build/boson_thermal_publisher/boson_thermal_publisher.egg-info/dependency_links.txt
[6.065s] writing entry points to ../../build/boson_thermal_publisher/boson_thermal_publisher.egg-info/entry_points.txt
[6.066s] writing requirements to ../../build/boson_thermal_publisher/boson_thermal_publisher.egg-info/requires.txt
[6.067s] writing top-level names to ../../build/boson_thermal_publisher/boson_thermal_publisher.egg-info/top_level.txt
[6.080s] reading manifest file '../../build/boson_thermal_publisher/boson_thermal_publisher.egg-info/SOURCES.txt'
[6.087s] writing manifest file '../../build/boson_thermal_publisher/boson_thermal_publisher.egg-info/SOURCES.txt'
[6.088s] running build
[6.088s] running build_py
[6.089s] copying boson_thermal_publisher/thermal_publisher.py -> /home/krristudent/boson_flir_ws/build/boson_thermal_publisher/build/lib/boson_thermal_publisher
[6.091s] running install
[6.093s] running install_lib
[6.098s] copying /home/krristudent/boson_flir_ws/build/boson_thermal_publisher/build/lib/boson_thermal_publisher/thermal_publisher.py -> /home/krristudent/boson_flir_ws/install/boson_thermal_publisher/lib/python3.10/site-packages/boson_thermal_publisher
[6.102s] byte-compiling /home/krristudent/boson_flir_ws/install/boson_thermal_publisher/lib/python3.10/site-packages/boson_thermal_publisher/thermal_publisher.py to thermal_publisher.cpython-310.pyc
[6.106s] running install_data
[6.107s] running install_egg_info
[6.116s] removing '/home/krristudent/boson_flir_ws/install/boson_thermal_publisher/lib/python3.10/site-packages/boson_thermal_publisher-0.0.0-py3.10.egg-info' (and everything under it)
[6.119s] Copying ../../build/boson_thermal_publisher/boson_thermal_publisher.egg-info to /home/krristudent/boson_flir_ws/install/boson_thermal_publisher/lib/python3.10/site-packages/boson_thermal_publisher-0.0.0-py3.10.egg-info
[6.128s] running install_scripts
[6.237s] Installing boson_flir_publisher script to /home/krristudent/boson_flir_ws/install/boson_thermal_publisher/lib/boson_thermal_publisher
[6.238s] Installing thermal_publisher script to /home/krristudent/boson_flir_ws/install/boson_thermal_publisher/lib/boson_thermal_publisher
[6.240s] writing list of installed files to '/home/krristudent/boson_flir_ws/build/boson_thermal_publisher/install.log'
[6.386s] Invoked command in '/home/krristudent/boson_flir_ws/src/boson_thermal_publisher' returned '0': PYTHONPATH=/home/krristudent/boson_flir_ws/build/boson_thermal_publisher/prefix_override:/usr/lib/python3/dist-packages/colcon_core/task/python/colcon_distutils_commands:/home/krristudent/boson_flir_ws/install/boson_thermal_publisher/lib/python3.10/site-packages:${PYTHONPATH} /usr/bin/python3 -W ignore:setup.py install is deprecated -W ignore:easy_install command is deprecated setup.py egg_info --egg-base ../../build/boson_thermal_publisher build --build-base /home/krristudent/boson_flir_ws/build/boson_thermal_publisher/build install --record /home/krristudent/boson_flir_ws/build/boson_thermal_publisher/install.log --single-version-externally-managed install_data
