/home/krristudent/boson_flir_ws/install/boson_thermal_publisher/lib/python3.10/site-packages/boson_thermal_publisher/thermal_publisher.py
/home/krristudent/boson_flir_ws/install/boson_thermal_publisher/lib/python3.10/site-packages/boson_thermal_publisher/opencv_thermal_publisher.py
/home/krristudent/boson_flir_ws/install/boson_thermal_publisher/lib/python3.10/site-packages/boson_thermal_publisher/__init__.py
/home/krristudent/boson_flir_ws/install/boson_thermal_publisher/lib/python3.10/site-packages/boson_thermal_publisher/boson_flir_publisher.py
/home/krristudent/boson_flir_ws/install/boson_thermal_publisher/lib/python3.10/site-packages/boson_thermal_publisher/__pycache__/thermal_publisher.cpython-310.pyc
/home/krristudent/boson_flir_ws/install/boson_thermal_publisher/lib/python3.10/site-packages/boson_thermal_publisher/__pycache__/opencv_thermal_publisher.cpython-310.pyc
/home/krristudent/boson_flir_ws/install/boson_thermal_publisher/lib/python3.10/site-packages/boson_thermal_publisher/__pycache__/__init__.cpython-310.pyc
/home/krristudent/boson_flir_ws/install/boson_thermal_publisher/lib/python3.10/site-packages/boson_thermal_publisher/__pycache__/boson_flir_publisher.cpython-310.pyc
/home/krristudent/boson_flir_ws/install/boson_thermal_publisher/share/ament_index/resource_index/packages/boson_thermal_publisher
/home/krristudent/boson_flir_ws/install/boson_thermal_publisher/share/boson_thermal_publisher/package.xml
/home/krristudent/boson_flir_ws/install/boson_thermal_publisher/lib/python3.10/site-packages/boson_thermal_publisher-0.0.0-py3.10.egg-info/zip-safe
/home/krristudent/boson_flir_ws/install/boson_thermal_publisher/lib/python3.10/site-packages/boson_thermal_publisher-0.0.0-py3.10.egg-info/PKG-INFO
/home/krristudent/boson_flir_ws/install/boson_thermal_publisher/lib/python3.10/site-packages/boson_thermal_publisher-0.0.0-py3.10.egg-info/top_level.txt
/home/krristudent/boson_flir_ws/install/boson_thermal_publisher/lib/python3.10/site-packages/boson_thermal_publisher-0.0.0-py3.10.egg-info/requires.txt
/home/krristudent/boson_flir_ws/install/boson_thermal_publisher/lib/python3.10/site-packages/boson_thermal_publisher-0.0.0-py3.10.egg-info/entry_points.txt
/home/krristudent/boson_flir_ws/install/boson_thermal_publisher/lib/python3.10/site-packages/boson_thermal_publisher-0.0.0-py3.10.egg-info/dependency_links.txt
/home/krristudent/boson_flir_ws/install/boson_thermal_publisher/lib/python3.10/site-packages/boson_thermal_publisher-0.0.0-py3.10.egg-info/SOURCES.txt
/home/krristudent/boson_flir_ws/install/boson_thermal_publisher/lib/boson_thermal_publisher/boson_flir_publisher
/home/krristudent/boson_flir_ws/install/boson_thermal_publisher/lib/boson_thermal_publisher/opencv_thermal_publisher_publisher
/home/krristudent/boson_flir_ws/install/boson_thermal_publisher/lib/boson_thermal_publisher/thermal_publisher
