[0.703s] DEBUG:colcon:Command line arguments: ['/usr/bin/colcon', 'build']
[0.703s] DEBUG:colcon:Parsed command line arguments: Namespace(log_base=None, log_level=None, verb_name='build', build_base='build', install_base='install', merge_install=False, symlink_install=False, test_result_base=None, continue_on_error=False, executor='parallel', parallel_workers=4, event_handlers=None, ignore_user_meta=False, metas=['./colcon.meta'], base_paths=['.'], packages_ignore=None, packages_ignore_regex=None, paths=None, packages_up_to=None, packages_up_to_regex=None, packages_above=None, packages_above_and_dependencies=None, packages_above_depth=None, packages_select_by_dep=None, packages_skip_by_dep=None, packages_skip_up_to=None, packages_select_build_failed=False, packages_skip_build_finished=False, packages_select_test_failures=False, packages_skip_test_passed=False, packages_select=None, packages_skip=None, packages_select_regex=None, packages_skip_regex=None, packages_start=None, packages_end=None, allow_overriding=[], cmake_args=None, cmake_target=None, cmake_target_skip_unavailable=False, cmake_clean_cache=False, cmake_clean_first=False, cmake_force_configure=False, ament_cmake_args=None, catkin_cmake_args=None, catkin_skip_building_tests=False, mixin_files=None, mixin=None, verb_parser=<colcon_mixin.mixin.mixin_argument.MixinArgumentDecorator object at 0xffff9fcc1810>, verb_extension=<colcon_core.verb.build.BuildVerb object at 0xffff9fe6a7a0>, main=<bound method BuildVerb.main of <colcon_core.verb.build.BuildVerb object at 0xffff9fe6a7a0>>, mixin_verb=('build',))
[2.239s] Level 1:colcon.colcon_core.package_discovery:discover_packages(colcon_meta) check parameters
[2.240s] Level 1:colcon.colcon_core.package_discovery:discover_packages(recursive) check parameters
[2.240s] Level 1:colcon.colcon_core.package_discovery:discover_packages(ignore) check parameters
[2.240s] Level 1:colcon.colcon_core.package_discovery:discover_packages(path) check parameters
[2.241s] Level 1:colcon.colcon_core.package_discovery:discover_packages(colcon_meta) discover
[2.241s] Level 1:colcon.colcon_core.package_discovery:discover_packages(recursive) discover
[2.241s] INFO:colcon.colcon_core.package_discovery:Crawling recursively for packages in '/home/krristudent/boson_flir_ws'
[2.242s] Level 1:colcon.colcon_core.package_identification:_identify(.) by extensions ['ignore', 'ignore_ament_install']
[2.243s] Level 1:colcon.colcon_core.package_identification:_identify(.) by extension 'ignore'
[2.243s] Level 1:colcon.colcon_core.package_identification:_identify(.) by extension 'ignore_ament_install'
[2.244s] Level 1:colcon.colcon_core.package_identification:_identify(.) by extensions ['colcon_pkg']
[2.244s] Level 1:colcon.colcon_core.package_identification:_identify(.) by extension 'colcon_pkg'
[2.244s] Level 1:colcon.colcon_core.package_identification:_identify(.) by extensions ['colcon_meta']
[2.245s] Level 1:colcon.colcon_core.package_identification:_identify(.) by extension 'colcon_meta'
[2.245s] Level 1:colcon.colcon_core.package_identification:_identify(.) by extensions ['ros']
[2.245s] Level 1:colcon.colcon_core.package_identification:_identify(.) by extension 'ros'
[2.310s] Level 1:colcon.colcon_core.package_identification:_identify(.) by extensions ['cmake', 'python']
[2.311s] Level 1:colcon.colcon_core.package_identification:_identify(.) by extension 'cmake'
[2.311s] Level 1:colcon.colcon_core.package_identification:_identify(.) by extension 'python'
[2.312s] Level 1:colcon.colcon_core.package_identification:_identify(.) by extensions ['python_setup_py']
[2.312s] Level 1:colcon.colcon_core.package_identification:_identify(.) by extension 'python_setup_py'
[2.313s] Level 1:colcon.colcon_core.package_identification:_identify(build) by extensions ['ignore', 'ignore_ament_install']
[2.313s] Level 1:colcon.colcon_core.package_identification:_identify(build) by extension 'ignore'
[2.314s] Level 1:colcon.colcon_core.package_identification:_identify(build) ignored
[2.315s] Level 1:colcon.colcon_core.package_identification:_identify(install) by extensions ['ignore', 'ignore_ament_install']
[2.316s] Level 1:colcon.colcon_core.package_identification:_identify(install) by extension 'ignore'
[2.316s] Level 1:colcon.colcon_core.package_identification:_identify(install) ignored
[2.318s] Level 1:colcon.colcon_core.package_identification:_identify(log) by extensions ['ignore', 'ignore_ament_install']
[2.319s] Level 1:colcon.colcon_core.package_identification:_identify(log) by extension 'ignore'
[2.319s] Level 1:colcon.colcon_core.package_identification:_identify(log) ignored
[2.320s] Level 1:colcon.colcon_core.package_identification:_identify(src) by extensions ['ignore', 'ignore_ament_install']
[2.321s] Level 1:colcon.colcon_core.package_identification:_identify(src) by extension 'ignore'
[2.322s] Level 1:colcon.colcon_core.package_identification:_identify(src) by extension 'ignore_ament_install'
[2.322s] Level 1:colcon.colcon_core.package_identification:_identify(src) by extensions ['colcon_pkg']
[2.323s] Level 1:colcon.colcon_core.package_identification:_identify(src) by extension 'colcon_pkg'
[2.323s] Level 1:colcon.colcon_core.package_identification:_identify(src) by extensions ['colcon_meta']
[2.324s] Level 1:colcon.colcon_core.package_identification:_identify(src) by extension 'colcon_meta'
[2.324s] Level 1:colcon.colcon_core.package_identification:_identify(src) by extensions ['ros']
[2.324s] Level 1:colcon.colcon_core.package_identification:_identify(src) by extension 'ros'
[2.325s] Level 1:colcon.colcon_core.package_identification:_identify(src) by extensions ['cmake', 'python']
[2.325s] Level 1:colcon.colcon_core.package_identification:_identify(src) by extension 'cmake'
[2.326s] Level 1:colcon.colcon_core.package_identification:_identify(src) by extension 'python'
[2.326s] Level 1:colcon.colcon_core.package_identification:_identify(src) by extensions ['python_setup_py']
[2.326s] Level 1:colcon.colcon_core.package_identification:_identify(src) by extension 'python_setup_py'
[2.327s] Level 1:colcon.colcon_core.package_identification:_identify(src/boson_thermal_publisher) by extensions ['ignore', 'ignore_ament_install']
[2.328s] Level 1:colcon.colcon_core.package_identification:_identify(src/boson_thermal_publisher) by extension 'ignore'
[2.328s] Level 1:colcon.colcon_core.package_identification:_identify(src/boson_thermal_publisher) by extension 'ignore_ament_install'
[2.329s] Level 1:colcon.colcon_core.package_identification:_identify(src/boson_thermal_publisher) by extensions ['colcon_pkg']
[2.329s] Level 1:colcon.colcon_core.package_identification:_identify(src/boson_thermal_publisher) by extension 'colcon_pkg'
[2.330s] Level 1:colcon.colcon_core.package_identification:_identify(src/boson_thermal_publisher) by extensions ['colcon_meta']
[2.330s] Level 1:colcon.colcon_core.package_identification:_identify(src/boson_thermal_publisher) by extension 'colcon_meta'
[2.330s] Level 1:colcon.colcon_core.package_identification:_identify(src/boson_thermal_publisher) by extensions ['ros']
[2.331s] Level 1:colcon.colcon_core.package_identification:_identify(src/boson_thermal_publisher) by extension 'ros'
[2.343s] DEBUG:colcon.colcon_core.package_identification:Package 'src/boson_thermal_publisher' with type 'ros.ament_python' and name 'boson_thermal_publisher'
[2.344s] Level 1:colcon.colcon_core.package_discovery:discover_packages(recursive) using defaults
[2.344s] Level 1:colcon.colcon_core.package_discovery:discover_packages(ignore) discover
[2.345s] Level 1:colcon.colcon_core.package_discovery:discover_packages(ignore) using defaults
[2.345s] Level 1:colcon.colcon_core.package_discovery:discover_packages(path) discover
[2.345s] Level 1:colcon.colcon_core.package_discovery:discover_packages(path) using defaults
[2.494s] Level 1:colcon.colcon_core.package_discovery:discover_packages(prefix_path) check parameters
[2.495s] Level 1:colcon.colcon_core.package_discovery:discover_packages(prefix_path) discover
[2.506s] DEBUG:colcon.colcon_installed_package_information.package_discovery:Found 1 installed packages in /home/krristudent/boson_flir_ws/install
[2.517s] DEBUG:colcon.colcon_installed_package_information.package_discovery:Found 271 installed packages in /opt/ros/humble
[2.525s] Level 1:colcon.colcon_core.package_discovery:discover_packages(prefix_path) using defaults
[2.768s] Level 5:colcon.colcon_core.verb:set package 'boson_thermal_publisher' build argument 'cmake_args' from command line to 'None'
[2.769s] Level 5:colcon.colcon_core.verb:set package 'boson_thermal_publisher' build argument 'cmake_target' from command line to 'None'
[2.769s] Level 5:colcon.colcon_core.verb:set package 'boson_thermal_publisher' build argument 'cmake_target_skip_unavailable' from command line to 'False'
[2.769s] Level 5:colcon.colcon_core.verb:set package 'boson_thermal_publisher' build argument 'cmake_clean_cache' from command line to 'False'
[2.769s] Level 5:colcon.colcon_core.verb:set package 'boson_thermal_publisher' build argument 'cmake_clean_first' from command line to 'False'
[2.770s] Level 5:colcon.colcon_core.verb:set package 'boson_thermal_publisher' build argument 'cmake_force_configure' from command line to 'False'
[2.770s] Level 5:colcon.colcon_core.verb:set package 'boson_thermal_publisher' build argument 'ament_cmake_args' from command line to 'None'
[2.770s] Level 5:colcon.colcon_core.verb:set package 'boson_thermal_publisher' build argument 'catkin_cmake_args' from command line to 'None'
[2.770s] Level 5:colcon.colcon_core.verb:set package 'boson_thermal_publisher' build argument 'catkin_skip_building_tests' from command line to 'False'
[2.770s] DEBUG:colcon.colcon_core.verb:Building package 'boson_thermal_publisher' with the following arguments: {'ament_cmake_args': None, 'build_base': '/home/krristudent/boson_flir_ws/build/boson_thermal_publisher', 'catkin_cmake_args': None, 'catkin_skip_building_tests': False, 'cmake_args': None, 'cmake_clean_cache': False, 'cmake_clean_first': False, 'cmake_force_configure': False, 'cmake_target': None, 'cmake_target_skip_unavailable': False, 'install_base': '/home/krristudent/boson_flir_ws/install/boson_thermal_publisher', 'merge_install': False, 'path': '/home/krristudent/boson_flir_ws/src/boson_thermal_publisher', 'symlink_install': False, 'test_result_base': None}
[2.771s] INFO:colcon.colcon_core.executor:Executing jobs using 'parallel' executor
[2.776s] DEBUG:colcon.colcon_parallel_executor.executor.parallel:run_until_complete
[2.776s] INFO:colcon.colcon_ros.task.ament_python.build:Building ROS package in '/home/krristudent/boson_flir_ws/src/boson_thermal_publisher' with build type 'ament_python'
[2.778s] Level 1:colcon.colcon_core.shell:create_environment_hook('boson_thermal_publisher', 'ament_prefix_path')
[2.790s] INFO:colcon.colcon_core.plugin_system:Skipping extension 'colcon_core.shell.bat': Not used on non-Windows systems
[2.792s] INFO:colcon.colcon_core.shell:Creating environment hook '/home/krristudent/boson_flir_ws/install/boson_thermal_publisher/share/boson_thermal_publisher/hook/ament_prefix_path.ps1'
[2.796s] INFO:colcon.colcon_core.shell:Creating environment descriptor '/home/krristudent/boson_flir_ws/install/boson_thermal_publisher/share/boson_thermal_publisher/hook/ament_prefix_path.dsv'
[2.799s] INFO:colcon.colcon_core.shell:Creating environment hook '/home/krristudent/boson_flir_ws/install/boson_thermal_publisher/share/boson_thermal_publisher/hook/ament_prefix_path.sh'
[2.805s] INFO:colcon.colcon_core.shell:Skip shell extension 'powershell' for command environment: Not usable outside of PowerShell
[2.806s] DEBUG:colcon.colcon_core.shell:Skip shell extension 'dsv' for command environment
[4.667s] INFO:colcon.colcon_core.task.python.build:Building Python package in '/home/krristudent/boson_flir_ws/src/boson_thermal_publisher'
[4.668s] INFO:colcon.colcon_core.shell:Skip shell extension 'powershell' for command environment: Not usable outside of PowerShell
[4.668s] DEBUG:colcon.colcon_core.shell:Skip shell extension 'dsv' for command environment
[6.924s] DEBUG:colcon.colcon_core.event_handler.log_command:Invoking command in '/home/krristudent/boson_flir_ws/src/boson_thermal_publisher': PYTHONPATH=/home/krristudent/boson_flir_ws/build/boson_thermal_publisher/prefix_override:/usr/lib/python3/dist-packages/colcon_core/task/python/colcon_distutils_commands:/home/krristudent/boson_flir_ws/install/boson_thermal_publisher/lib/python3.10/site-packages:${PYTHONPATH} /usr/bin/python3 -W ignore:setup.py install is deprecated -W ignore:easy_install command is deprecated setup.py egg_info --egg-base ../../build/boson_thermal_publisher build --build-base /home/krristudent/boson_flir_ws/build/boson_thermal_publisher/build install --record /home/krristudent/boson_flir_ws/build/boson_thermal_publisher/install.log --single-version-externally-managed install_data
[8.973s] DEBUG:colcon.colcon_core.event_handler.log_command:Invoked command in '/home/krristudent/boson_flir_ws/src/boson_thermal_publisher' returned '0': PYTHONPATH=/home/krristudent/boson_flir_ws/build/boson_thermal_publisher/prefix_override:/usr/lib/python3/dist-packages/colcon_core/task/python/colcon_distutils_commands:/home/krristudent/boson_flir_ws/install/boson_thermal_publisher/lib/python3.10/site-packages:${PYTHONPATH} /usr/bin/python3 -W ignore:setup.py install is deprecated -W ignore:easy_install command is deprecated setup.py egg_info --egg-base ../../build/boson_thermal_publisher build --build-base /home/krristudent/boson_flir_ws/build/boson_thermal_publisher/build install --record /home/krristudent/boson_flir_ws/build/boson_thermal_publisher/install.log --single-version-externally-managed install_data
[8.993s] Level 1:colcon.colcon_core.environment:checking '/home/krristudent/boson_flir_ws/install/boson_thermal_publisher' for CMake module files
[8.996s] Level 1:colcon.colcon_core.environment:checking '/home/krristudent/boson_flir_ws/install/boson_thermal_publisher' for CMake config files
[9.003s] Level 1:colcon.colcon_core.environment:checking '/home/krristudent/boson_flir_ws/install/boson_thermal_publisher/lib'
[9.004s] Level 1:colcon.colcon_core.environment:checking '/home/krristudent/boson_flir_ws/install/boson_thermal_publisher/bin'
[9.005s] Level 1:colcon.colcon_core.environment:checking '/home/krristudent/boson_flir_ws/install/boson_thermal_publisher/lib/pkgconfig/boson_thermal_publisher.pc'
[9.006s] Level 1:colcon.colcon_core.environment:checking '/home/krristudent/boson_flir_ws/install/boson_thermal_publisher/lib/python3.10/site-packages'
[9.007s] Level 1:colcon.colcon_core.shell:create_environment_hook('boson_thermal_publisher', 'pythonpath')
[9.008s] INFO:colcon.colcon_core.shell:Creating environment hook '/home/krristudent/boson_flir_ws/install/boson_thermal_publisher/share/boson_thermal_publisher/hook/pythonpath.ps1'
[9.011s] INFO:colcon.colcon_core.shell:Creating environment descriptor '/home/krristudent/boson_flir_ws/install/boson_thermal_publisher/share/boson_thermal_publisher/hook/pythonpath.dsv'
[9.014s] INFO:colcon.colcon_core.shell:Creating environment hook '/home/krristudent/boson_flir_ws/install/boson_thermal_publisher/share/boson_thermal_publisher/hook/pythonpath.sh'
[9.018s] Level 1:colcon.colcon_core.environment:checking '/home/krristudent/boson_flir_ws/install/boson_thermal_publisher/bin'
[9.019s] Level 1:colcon.colcon_core.environment:create_environment_scripts_only(boson_thermal_publisher)
[9.020s] INFO:colcon.colcon_core.shell:Creating package script '/home/krristudent/boson_flir_ws/install/boson_thermal_publisher/share/boson_thermal_publisher/package.ps1'
[9.025s] INFO:colcon.colcon_core.shell:Creating package descriptor '/home/krristudent/boson_flir_ws/install/boson_thermal_publisher/share/boson_thermal_publisher/package.dsv'
[9.029s] INFO:colcon.colcon_core.shell:Creating package script '/home/krristudent/boson_flir_ws/install/boson_thermal_publisher/share/boson_thermal_publisher/package.sh'
[9.034s] INFO:colcon.colcon_core.shell:Creating package script '/home/krristudent/boson_flir_ws/install/boson_thermal_publisher/share/boson_thermal_publisher/package.bash'
[9.039s] INFO:colcon.colcon_core.shell:Creating package script '/home/krristudent/boson_flir_ws/install/boson_thermal_publisher/share/boson_thermal_publisher/package.zsh'
[9.044s] Level 1:colcon.colcon_core.environment:create_file_with_runtime_dependencies(/home/krristudent/boson_flir_ws/install/boson_thermal_publisher/share/colcon-core/packages/boson_thermal_publisher)
[9.047s] DEBUG:colcon.colcon_parallel_executor.executor.parallel:closing loop
[9.048s] DEBUG:colcon.colcon_parallel_executor.executor.parallel:loop closed
[9.049s] DEBUG:colcon.colcon_parallel_executor.executor.parallel:run_until_complete finished with '0'
[9.049s] DEBUG:colcon.colcon_core.event_reactor:joining thread
[9.082s] INFO:colcon.colcon_core.plugin_system:Skipping extension 'colcon_notification.desktop_notification.terminal_notifier': Not used on non-Darwin systems
[9.083s] INFO:colcon.colcon_core.plugin_system:Skipping extension 'colcon_notification.desktop_notification.win32': Not used on non-Windows systems
[9.084s] INFO:colcon.colcon_notification.desktop_notification:Sending desktop notification using 'notify2'
[9.162s] DEBUG:colcon.colcon_core.event_reactor:joined thread
[9.164s] INFO:colcon.colcon_core.shell:Creating prefix script '/home/krristudent/boson_flir_ws/install/local_setup.ps1'
[9.172s] INFO:colcon.colcon_core.shell:Creating prefix util module '/home/krristudent/boson_flir_ws/install/_local_setup_util_ps1.py'
[9.183s] INFO:colcon.colcon_core.shell:Creating prefix chain script '/home/krristudent/boson_flir_ws/install/setup.ps1'
[9.191s] INFO:colcon.colcon_core.shell:Creating prefix script '/home/krristudent/boson_flir_ws/install/local_setup.sh'
[9.195s] INFO:colcon.colcon_core.shell:Creating prefix util module '/home/krristudent/boson_flir_ws/install/_local_setup_util_sh.py'
[9.201s] INFO:colcon.colcon_core.shell:Creating prefix chain script '/home/krristudent/boson_flir_ws/install/setup.sh'
[9.209s] INFO:colcon.colcon_core.shell:Creating prefix script '/home/krristudent/boson_flir_ws/install/local_setup.bash'
[9.213s] INFO:colcon.colcon_core.shell:Creating prefix chain script '/home/krristudent/boson_flir_ws/install/setup.bash'
[9.219s] INFO:colcon.colcon_core.shell:Creating prefix script '/home/krristudent/boson_flir_ws/install/local_setup.zsh'
[9.227s] INFO:colcon.colcon_core.shell:Creating prefix chain script '/home/krristudent/boson_flir_ws/install/setup.zsh'
