[3.488s] Invoking command in '/home/krristudent/boson_flir_ws/src/boson_thermal_publisher': PYTHONPATH=/home/krristudent/boson_flir_ws/build/boson_thermal_publisher/prefix_override:/usr/lib/python3/dist-packages/colcon_core/task/python/colcon_distutils_commands:/home/krristudent/boson_flir_ws/install/boson_thermal_publisher/lib/python3.10/site-packages:${PYTHONPATH} /usr/bin/python3 -W ignore:setup.py install is deprecated -W ignore:easy_install command is deprecated setup.py egg_info --egg-base ../../build/boson_thermal_publisher build --build-base /home/krristudent/boson_flir_ws/build/boson_thermal_publisher/build install --record /home/krristudent/boson_flir_ws/build/boson_thermal_publisher/install.log --single-version-externally-managed install_data
[4.811s] running egg_info
[4.815s] writing ../../build/boson_thermal_publisher/boson_thermal_publisher.egg-info/PKG-INFO
[4.816s] writing dependency_links to ../../build/boson_thermal_publisher/boson_thermal_publisher.egg-info/dependency_links.txt
[4.817s] writing entry points to ../../build/boson_thermal_publisher/boson_thermal_publisher.egg-info/entry_points.txt
[4.818s] writing requirements to ../../build/boson_thermal_publisher/boson_thermal_publisher.egg-info/requires.txt
[4.819s] writing top-level names to ../../build/boson_thermal_publisher/boson_thermal_publisher.egg-info/top_level.txt
[4.827s] reading manifest file '../../build/boson_thermal_publisher/boson_thermal_publisher.egg-info/SOURCES.txt'
[4.833s] writing manifest file '../../build/boson_thermal_publisher/boson_thermal_publisher.egg-info/SOURCES.txt'
[4.834s] running build
[4.835s] running build_py
[4.835s] copying boson_thermal_publisher/boson_flir_publisher.py -> /home/krristudent/boson_flir_ws/build/boson_thermal_publisher/build/lib/boson_thermal_publisher
[4.837s] running install
[4.838s] running install_lib
[4.843s] copying /home/krristudent/boson_flir_ws/build/boson_thermal_publisher/build/lib/boson_thermal_publisher/boson_flir_publisher.py -> /home/krristudent/boson_flir_ws/install/boson_thermal_publisher/lib/python3.10/site-packages/boson_thermal_publisher
[4.847s] byte-compiling /home/krristudent/boson_flir_ws/install/boson_thermal_publisher/lib/python3.10/site-packages/boson_thermal_publisher/boson_flir_publisher.py to boson_flir_publisher.cpython-310.pyc
[4.849s] running install_data
[4.850s] running install_egg_info
[4.858s] removing '/home/krristudent/boson_flir_ws/install/boson_thermal_publisher/lib/python3.10/site-packages/boson_thermal_publisher-0.0.0-py3.10.egg-info' (and everything under it)
[4.862s] Copying ../../build/boson_thermal_publisher/boson_thermal_publisher.egg-info to /home/krristudent/boson_flir_ws/install/boson_thermal_publisher/lib/python3.10/site-packages/boson_thermal_publisher-0.0.0-py3.10.egg-info
[4.874s] running install_scripts
[4.968s] Installing thermal_publisher = boson_thermal_publisher.thermal_publisher:mainboson_flir_publisher script to /home/krristudent/boson_flir_ws/install/boson_thermal_publisher/lib/boson_thermal_publisher
[4.970s] writing list of installed files to '/home/krristudent/boson_flir_ws/build/boson_thermal_publisher/install.log'
[5.103s] Invoked command in '/home/krristudent/boson_flir_ws/src/boson_thermal_publisher' returned '0': PYTHONPATH=/home/krristudent/boson_flir_ws/build/boson_thermal_publisher/prefix_override:/usr/lib/python3/dist-packages/colcon_core/task/python/colcon_distutils_commands:/home/krristudent/boson_flir_ws/install/boson_thermal_publisher/lib/python3.10/site-packages:${PYTHONPATH} /usr/bin/python3 -W ignore:setup.py install is deprecated -W ignore:easy_install command is deprecated setup.py egg_info --egg-base ../../build/boson_thermal_publisher build --build-base /home/krristudent/boson_flir_ws/build/boson_thermal_publisher/build install --record /home/krristudent/boson_flir_ws/build/boson_thermal_publisher/install.log --single-version-externally-managed install_data
