[3.321s] Invoking command in '/home/krristudent/boson_flir_ws/src/boson_thermal_publisher': PYTHONPATH=/home/krristudent/boson_flir_ws/build/boson_thermal_publisher/prefix_override:/usr/lib/python3/dist-packages/colcon_core/task/python/colcon_distutils_commands:/home/krristudent/boson_flir_ws/install/boson_thermal_publisher/lib/python3.10/site-packages:${PYTHONPATH} /usr/bin/python3 -W ignore:setup.py install is deprecated -W ignore:easy_install command is deprecated setup.py egg_info --egg-base ../../build/boson_thermal_publisher build --build-base /home/krristudent/boson_flir_ws/build/boson_thermal_publisher/build install --record /home/krristudent/boson_flir_ws/build/boson_thermal_publisher/install.log --single-version-externally-managed install_data
[4.623s] running egg_info
[4.629s] writing ../../build/boson_thermal_publisher/boson_thermal_publisher.egg-info/PKG-INFO
[4.630s] writing dependency_links to ../../build/boson_thermal_publisher/boson_thermal_publisher.egg-info/dependency_links.txt
[4.632s] writing entry points to ../../build/boson_thermal_publisher/boson_thermal_publisher.egg-info/entry_points.txt
[4.633s] writing requirements to ../../build/boson_thermal_publisher/boson_thermal_publisher.egg-info/requires.txt
[4.633s] writing top-level names to ../../build/boson_thermal_publisher/boson_thermal_publisher.egg-info/top_level.txt
[4.643s] reading manifest file '../../build/boson_thermal_publisher/boson_thermal_publisher.egg-info/SOURCES.txt'
[4.648s] writing manifest file '../../build/boson_thermal_publisher/boson_thermal_publisher.egg-info/SOURCES.txt'
[4.649s] running build
[4.649s] running build_py
[4.651s] running install
[4.653s] running install_lib
[4.660s] running install_data
[4.661s] running install_egg_info
[4.669s] removing '/home/krristudent/boson_flir_ws/install/boson_thermal_publisher/lib/python3.10/site-packages/boson_thermal_publisher-0.0.0-py3.10.egg-info' (and everything under it)
[4.675s] Copying ../../build/boson_thermal_publisher/boson_thermal_publisher.egg-info to /home/krristudent/boson_flir_ws/install/boson_thermal_publisher/lib/python3.10/site-packages/boson_thermal_publisher-0.0.0-py3.10.egg-info
[4.682s] running install_scripts
[4.775s] Installing boson_flir_publisher script to /home/krristudent/boson_flir_ws/install/boson_thermal_publisher/lib/boson_thermal_publisher
[4.777s] Installing thermal_publisher script to /home/krristudent/boson_flir_ws/install/boson_thermal_publisher/lib/boson_thermal_publisher
[4.779s] writing list of installed files to '/home/krristudent/boson_flir_ws/build/boson_thermal_publisher/install.log'
[4.906s] Invoked command in '/home/krristudent/boson_flir_ws/src/boson_thermal_publisher' returned '0': PYTHONPATH=/home/krristudent/boson_flir_ws/build/boson_thermal_publisher/prefix_override:/usr/lib/python3/dist-packages/colcon_core/task/python/colcon_distutils_commands:/home/krristudent/boson_flir_ws/install/boson_thermal_publisher/lib/python3.10/site-packages:${PYTHONPATH} /usr/bin/python3 -W ignore:setup.py install is deprecated -W ignore:easy_install command is deprecated setup.py egg_info --egg-base ../../build/boson_thermal_publisher build --build-base /home/krristudent/boson_flir_ws/build/boson_thermal_publisher/build install --record /home/krristudent/boson_flir_ws/build/boson_thermal_publisher/install.log --single-version-externally-managed install_data
